#
# A fatal error has been detected by the Java Runtime Environment:
#
#  EXCEPTION_ACCESS_VIOLATION (0xc0000005) at pc=0x00000225f48a1053, pid=2028, tid=9304
#
# JRE version: OpenJDK Runtime Environment Temurin-21.0.3+9 (21.0.3+9) (build 21.0.3+9-LTS)
# Java VM: OpenJDK 64-Bit Server VM Temurin-21.0.3+9 (21.0.3+9-LTS, mixed mode, emulated-client, tiered, compressed oops, compressed class ptrs, g1 gc, windows-amd64)
# Problematic frame:
# v  ~BufferBlob::MethodHandles adapters 0x00000225f48a1053
#
# No core dump will be written. Minidumps are not enabled by default on client versions of Windows
#
# If you would like to submit a bug report, please visit:
#   https://github.com/adoptium/adoptium-support/issues
#

---------------  S U M M A R Y ------------

Command Line: -XX:+ShowCodeDetailsInExceptionMessages -agentlib:jdwp=transport=dt_socket,suspend=y,address=localhost:50722 -Dcom.sun.management.jmxremote -Dcom.sun.management.jmxremote.port=50720 -Dcom.sun.management.jmxremote.authenticate=false -Dcom.sun.management.jmxremote.ssl=false -Djava.rmi.server.hostname=localhost -Dspring.jmx.enabled=true -Dmanagement.endpoints.jmx.exposure.include=* -Dspring.application.admin.enabled=true -XX:TieredStopAtLevel=1 -Dspring.boot.project.name=quiz -javaagent:C:\Users\USER\Documents\sts-4.24.0.RELEASE\configuration\org.eclipse.osgi\270\0\.cp\lib\javaagent-shaded.jar -Dfile.encoding=UTF-8 -Dstdout.encoding=UTF-8 -Dstderr.encoding=UTF-8 org.jsp.quiz.QuizAppApplication --spring.output.ansi.enabled=always

Host: Intel(R) Core(TM) i7-10610U CPU @ 1.80GHz, 8 cores, 15G,  Windows 11 , 64 bit Build 22621 (10.0.22621.3958)
Time: Thu Aug 15 10:15:00 2024 India Standard Time elapsed time: 1027.142814 seconds (0d 0h 17m 7s)

---------------  T H R E A D  ---------------

Current thread (0x00000225850109d0):  JavaThread "restartedMain"        [_thread_in_Java, id=9304, stack(0x000000b0b3c00000,0x000000b0b3d00000) (1024K)]

Stack: [0x000000b0b3c00000,0x000000b0b3d00000],  sp=0x000000b0b3cfdae8,  free space=1014k
Native frames: (J=compiled Java code, j=interpreted, Vv=VM code, C=native code)
C  0x00000225f48a1053

The last pc belongs to _linkToSpecial (printed below).

siginfo: EXCEPTION_ACCESS_VIOLATION (0xc0000005), reading address 0xffffffffffffffff


Registers:
RAX=0x00000225f4879086, RBX=0xe10ddb9e00000000, RCX=0x000000b0b3cfdaf0, RDX=0x0000000000000002
RSP=0x000000b0b3cfdae8, RBP=0x000000b0b3cfdb38, RSI=0x0000022584a40c28, RDI=0x0000022586f8ae40
R8 =0x0000000000000004, R9 =0x0000000000000004, R10=0x00007ffc01361a30, R11=0x00000225803e7388
R12=0x0000000000000000, R13=0x000000b0b3cfdae8, R14=0x000000b0b3cfdb58, R15=0x00000225850109d0
RIP=0x00000225f48a1053, EFLAGS=0x0000000000010246


Register to memory mapping:

RAX=0x00000225f4879086 is at code_begin+3078 in an Interpreter codelet
return entry points  [0x00000225f4878480, 0x00000225f487a298]  7704 bytes
RBX=0xe10ddb9e00000000 is an unknown value
RCX=0x000000b0b3cfdaf0 is pointing into the stack for thread: 0x00000225850109d0
RDX=0x0000000000000002 is an unknown value
RSP=0x000000b0b3cfdae8 is pointing into the stack for thread: 0x00000225850109d0
RBP=0x000000b0b3cfdb38 is pointing into the stack for thread: 0x00000225850109d0
RSI=0x0000022584a40c28 points into unknown readable memory: 0x880007004b16917b | 7b 91 16 4b 00 07 00 88
RDI=0x0000022586f8ae40 points into unknown readable memory: 0x0000001800000070 | 70 00 00 00 18 00 00 00
R8 =0x0000000000000004 is an unknown value
R9 =0x0000000000000004 is an unknown value
R10=0x00007ffc01361a30 jvm.dll
R11={method} {0x00000225803e7390} 'newInvokeSpecial' '(Ljava/lang/Object;)Ljava/lang/Object;' in 'java/lang/invoke/DirectMethodHandle$Holder'
R12=0x0 is null
R13=0x000000b0b3cfdae8 is pointing into the stack for thread: 0x00000225850109d0
R14=0x000000b0b3cfdb58 is pointing into the stack for thread: 0x00000225850109d0
R15=0x00000225850109d0 is a thread

Top of Stack: (sp=0x000000b0b3cfdae8)
0x000000b0b3cfdae8:   00000225f4879086 000000b0b3cfdaf0
0x000000b0b3cfdaf8:   00000225803e7377 0000000000000004
0x000000b0b3cfdb08:   00000225803eb150 0000000706e31018
0x000000b0b3cfdb18:   00000007048dbf38 00000225803e7388
0x000000b0b3cfdb28:   000000b0b3cfdae8 000000b0b3cfdb60
0x000000b0b3cfdb38:   000000b0b3cfeb58 00000225f4b898cb
0x000000b0b3cfdb48:   00000007086edbf8 00000007086edca0
0x000000b0b3cfdb58:   00000007086edc58 00000007086eda08
0x000000b0b3cfdb68:   0000000000000000 000000b0b3cfeb58
0x000000b0b3cfdb78:   00000225f5193f0c 0000000000000000
0x000000b0b3cfdb88:   0000000000000000 0000000000000000
0x000000b0b3cfdb98:   0000000000000000 0000000000000000
0x000000b0b3cfdba8:   0000000000000000 0000000000000000
0x000000b0b3cfdbb8:   0000000000000000 0000000000000000
0x000000b0b3cfdbc8:   0000000000000000 0000000000000000
0x000000b0b3cfdbd8:   0000000704e00b50 0000000706e31018
0x000000b0b3cfdbe8:   00000007086ed8c0 00000007086ed8c0
0x000000b0b3cfdbf8:   00000007086eda08 00000007086edc88
0x000000b0b3cfdc08:   00000007086eda60 0000000706e31018
0x000000b0b3cfdc18:   0000000000000001 000000b0b3cfeb58
0x000000b0b3cfdc28:   0000022500000000 0000000000000000
0x000000b0b3cfdc38:   0000000000000000 00000007086edc58
0x000000b0b3cfdc48:   00000225f4b872dc 0000000000000000
0x000000b0b3cfdc58:   0000000000000000 0000000000000000
0x000000b0b3cfdc68:   0000000000000000 00000225850109d0
0x000000b0b3cfdc78:   0000000000000000 00000007086eda08
0x000000b0b3cfdc88:   0000000000000000 00000007086ed8c0
0x000000b0b3cfdc98:   00000007086edc88 00000007086eda08
0x000000b0b3cfdca8:   0000000000000000 0000000706e56e00
0x000000b0b3cfdcb8:   00000225f4b88dec 000000b0b3cfeb58
0x000000b0b3cfdcc8:   00000225f4b84b6a 0000000000000000
0x000000b0b3cfdcd8:   00000225f4ad6029 0000000000000000 

Instructions: (pc=0x00000225f48a1053)
0x00000225f48a0f53:   00 00 00 74 03 ff 63 38 ff 63 50 e9 9d 16 00 00
0x00000225f48a0f63:   66 66 66 0f 1f 84 00 00 00 00 00 66 66 66 90 66
0x00000225f48a0f73:   66 0f 1f 84 00 00 00 00 00 66 66 66 90 48 8b 53
0x00000225f48a0f83:   08 0f b7 52 2e 48 8b 0c d4 58 5b 50 44 8b 51 08
0x00000225f48a0f93:   49 bb 00 00 00 00 08 00 00 00 4d 03 d3 4c 8b 5b
0x00000225f48a0fa3:   10 4b 8b 9c da c8 01 00 00 48 85 db 0f 84 10 00
0x00000225f48a0fb3:   00 00 41 80 bf e0 05 00 00 00 74 03 ff 63 38 ff
0x00000225f48a0fc3:   63 50 e9 36 16 00 00 66 66 66 0f 1f 84 00 00 00
0x00000225f48a0fd3:   00 00 66 66 66 90 0f 1f 80 00 00 00 00 58 5b 50
0x00000225f48a0fe3:   8b 5b 24 48 c1 e3 03 48 8b 5b 10 48 85 db 0f 84
0x00000225f48a0ff3:   10 00 00 00 41 80 bf e0 05 00 00 00 74 03 ff 63
0x00000225f48a1003:   38 ff 63 50 e9 f4 15 00 00 66 66 66 0f 1f 84 00
0x00000225f48a1013:   00 00 00 00 66 66 66 90 0f 1f 44 00 00 48 8b 53
0x00000225f48a1023:   08 0f b7 52 2e 48 8b 0c d4 58 5b 50 48 3b 01 8b
0x00000225f48a1033:   5b 24 48 c1 e3 03 48 8b 5b 10 48 85 db 0f 84 10
0x00000225f48a1043:   00 00 00 41 80 bf e0 05 00 00 00 74 03 ff 63 38
0x00000225f48a1053:   ff 63 50 e9 a5 15 00 00 0f 1f 44 00 00 48 8b 53
0x00000225f48a1063:   08 0f b7 52 2e 48 8b 0c d4 58 5b 50 44 8b 51 08
0x00000225f48a1073:   49 bb 00 00 00 00 08 00 00 00 4d 03 d3 8b 43 18
0x00000225f48a1083:   48 c1 e0 03 48 8b 40 10 48 8b 5b 10 45 8b 9a a0
0x00000225f48a1093:   00 00 00 4f 8d 9c da c8 01 00 00 4d 8d 14 da 49
0x00000225f48a10a3:   8b 1b 48 3b c3 74 15 48 85 db 0f 84 32 00 00 00
0x00000225f48a10b3:   49 83 c3 10 49 8b 1b 48 3b c3 75 eb 45 8b 5b 08
0x00000225f48a10c3:   4b 8b 1c 1a 48 85 db 0f 84 10 00 00 00 41 80 bf
0x00000225f48a10d3:   e0 05 00 00 00 74 03 ff 63 38 ff 63 50 e9 1b 15
0x00000225f48a10e3:   00 00 e9 16 12 00 00 f4 00 00 00 00 00 00 00 00
0x00000225f48a10f3:   00 00 00 00 00 00 00 00 00 00 00 00 00 00 00 00
0x00000225f48a1103:   00 00 00 00 00 00 00 00 00 00 00 00 00 00 00 00
0x00000225f48a1113:   00 00 00 00 00 00 00 00 00 00 00 00 00 00 00 00
0x00000225f48a1123:   00 00 00 00 00 00 00 00 00 00 00 00 00 00 00 00
0x00000225f48a1133:   00 00 00 00 00 00 00 00 00 00 00 00 00 00 00 00
0x00000225f48a1143:   00 00 00 00 00 00 00 00 00 00 00 00 00 00 00 00 


Stack slot to memory mapping:

stack at sp + 0 slots: 0x00000225f4879086 is at code_begin+3078 in an Interpreter codelet
return entry points  [0x00000225f4878480, 0x00000225f487a298]  7704 bytes
stack at sp + 1 slots: 0x000000b0b3cfdaf0 is pointing into the stack for thread: 0x00000225850109d0
stack at sp + 2 slots: 0x00000225803e7377 is pointing into metadata
stack at sp + 3 slots: 0x0000000000000004 is an unknown value
stack at sp + 4 slots: 0x00000225803eb150 is pointing into metadata
stack at sp + 5 slots: 0x0000000706e31018 is an oop: java.lang.Class 
{0x0000000706e31018} - klass: 'java/lang/Class'
 - ---- fields (total size 14 words):
 - private volatile transient 'classRedefinedCount' 'I' @12  0 (0x00000000)
 - injected 'klass' 'J' @16  34370925096 (0x0000000800aab228)
 - injected 'array_klass' 'J' @24  0 (0x0000000000000000)
 - injected 'oop_size' 'I' @32  14 (0x0000000e)
 - injected 'static_oop_field_count' 'I' @36  0 (0x00000000)
 - private volatile transient 'cachedConstructor' 'Ljava/lang/reflect/Constructor;' @40  null (0x00000000)
 - private transient 'name' 'Ljava/lang/String;' @44  "org.jsp.quiz.service.QuestionsService"{0x0000000706e34088} (0xe0dc6811)
 - private transient 'module' 'Ljava/lang/Module;' @48  a 'java/lang/Module'{0x0000000706e30db0} (0xe0dc61b6)
 - private final 'classLoader' 'Ljava/lang/ClassLoader;' @52  a 'org/springframework/boot/devtools/restart/classloader/RestartClassLoader'{0x0000000706e185b0} (0xe0dc30b6)
 - private transient 'classData' 'Ljava/lang/Object;' @56  null (0x00000000)
 - private transient 'packageName' 'Ljava/lang/String;' @60  "org.jsp.quiz.service"{0x0000000704c7b450} (0xe098f68a)
 - private final 'componentType' 'Ljava/lang/Class;' @64  null (0x00000000)
 - private volatile transient 'reflectionData' 'Ljava/lang/ref/SoftReference;' @68  a 'java/lang/ref/SoftReference'{0x0000000706e340d8} (0xe0dc681b)
 - private volatile transient 'genericInfo' 'Lsun/reflect/generics/repository/ClassRepository;' @72  null (0x00000000)
 - private volatile transient 'enumConstants' '[Ljava/lang/Object;' @76  null (0x00000000)
 - private volatile transient 'enumConstantDirectory' 'Ljava/util/Map;' @80  null (0x00000000)
 - private volatile transient 'annotationData' 'Ljava/lang/Class$AnnotationData;' @84  a 'java/lang/Class$AnnotationData'{0x0000000706e34150} (0xe0dc682a)
 - private volatile transient 'annotationType' 'Lsun/reflect/annotation/AnnotationType;' @88  null (0x00000000)
 - transient 'classValueMap' 'Ljava/lang/ClassValue$ClassValueMap;' @92  null (0x00000000)
 - injected 'protection_domain' 'Ljava/lang/Object;' @96  a 'java/security/ProtectionDomain'{0x0000000706e32610} (0xe0dc64c2)
 - injected 'signers_name' 'Ljava/lang/Object;' @100  null (0x00000000)
 - injected 'source_file' 'Ljava/lang/Object;' @104  null (0x00000000)
 - signature: Lorg/jsp/quiz/service/QuestionsService;
 - ---- static fields (0):
stack at sp + 6 slots: 0x00000007048dbf38 is an oop: java.lang.Class 
{0x00000007048dbf38} - klass: 'java/lang/Class'
 - ---- fields (total size 14 words):
 - private volatile transient 'classRedefinedCount' 'I' @12  0 (0x00000000)
 - injected 'klass' 'J' @16  34359945312 (0x0000000800032860)
 - injected 'array_klass' 'J' @24  0 (0x0000000000000000)
 - injected 'oop_size' 'I' @32  14 (0x0000000e)
 - injected 'static_oop_field_count' 'I' @36  0 (0x00000000)
 - private volatile transient 'cachedConstructor' 'Ljava/lang/reflect/Constructor;' @40  null (0x00000000)
 - private transient 'name' 'Ljava/lang/String;' @44  null (0x00000000)
 - private transient 'module' 'Ljava/lang/Module;' @48  a 'java/lang/Module'{0x00000007048accb8} (0xe0915997)
 - private final 'classLoader' 'Ljava/lang/ClassLoader;' @52  null (0x00000000)
 - private transient 'classData' 'Ljava/lang/Object;' @56  null (0x00000000)
 - private transient 'packageName' 'Ljava/lang/String;' @60  null (0x00000000)
 - private final 'componentType' 'Ljava/lang/Class;' @64  null (0x00000000)
 - private volatile transient 'reflectionData' 'Ljava/lang/ref/SoftReference;' @68  null (0x00000000)
 - private volatile transient 'genericInfo' 'Lsun/reflect/generics/repository/ClassRepository;' @72  null (0x00000000)
 - private volatile transient 'enumConstants' '[Ljava/lang/Object;' @76  null (0x00000000)
 - private volatile transient 'enumConstantDirectory' 'Ljava/util/Map;' @80  null (0x00000000)
 - private volatile transient 'annotationData' 'Ljava/lang/Class$AnnotationData;' @84  null (0x00000000)
 - private volatile transient 'annotationType' 'Lsun/reflect/annotation/AnnotationType;' @88  null (0x00000000)
 - transient 'classValueMap' 'Ljava/lang/ClassValue$ClassValueMap;' @92  null (0x00000000)
 - injected 'protection_domain' 'Ljava/lang/Object;' @96  null (0x00000000)
 - injected 'signers_name' 'Ljava/lang/Object;' @100  null (0x00000000)
 - injected 'source_file' 'Ljava/lang/Object;' @104  null (0x00000000)
 - signature: Ljava/lang/invoke/DirectMethodHandle$Holder;
 - ---- static fields (0):
stack at sp + 7 slots: {method} {0x00000225803e7390} 'newInvokeSpecial' '(Ljava/lang/Object;)Ljava/lang/Object;' in 'java/lang/invoke/DirectMethodHandle$Holder'

MethodHandle::interpreter_entry::_linkToSpecial [0x00000225f48a100c, 0x00000225f48a105b] (79 bytes)
[MachCode]
  0x00000225f48a100c: 6666 660f | 1f84 0000 | 0000 0066 | 6666 900f | 1f44 0000 | 488b 5308 | 0fb7 522e | 488b 0cd4 
  0x00000225f48a102c: 585b 5048 | 3b01 8b5b | 2448 c1e3 | 0348 8b5b | 1048 85db | 0f84 1000 | 0000 4180 | bfe0 0500 
  0x00000225f48a104c: 0000 7403 | ff63 38ff | 6350 e9a5 | 
[/MachCode]

---------------  P R O C E S S  ---------------

Threads class SMR info:
_java_thread_list=0x00000225850b4fc0, length=27, elements={
0x00000225ff362a10, 0x00000225ff363470, 0x00000225ff3900d0, 0x00000225ff390b30,
0x00000225ff387050, 0x00000225ff396930, 0x00000225ff3b4db0, 0x00000225ff47c6b0,
0x00000225ff6124f0, 0x00000225ff6133b0, 0x00000225ff617a50, 0x00000225ff47d3d0,
0x00000225ff47ac70, 0x00000225ff47b300, 0x00000225ff47da60, 0x00000225ff47cd40,
0x00000225ff47c020, 0x000002258500ef90, 0x000002258500fcb0, 0x0000022585012aa0,
0x0000022587953ad0, 0x00000225850116f0, 0x00000225850109d0, 0x0000022585013130,
0x000002258500e900, 0x00000225850137c0, 0x0000022585012410
}

Java Threads: ( => current thread )
  0x00000225ff362a10 JavaThread "Reference Handler"          daemon [_thread_blocked, id=8008, stack(0x000000b0b3400000,0x000000b0b3500000) (1024K)]
  0x00000225ff363470 JavaThread "Finalizer"                  daemon [_thread_blocked, id=13984, stack(0x000000b0b3500000,0x000000b0b3600000) (1024K)]
  0x00000225ff3900d0 JavaThread "Signal Dispatcher"          daemon [_thread_blocked, id=11344, stack(0x000000b0b3600000,0x000000b0b3700000) (1024K)]
  0x00000225ff390b30 JavaThread "Attach Listener"            daemon [_thread_blocked, id=13332, stack(0x000000b0b3700000,0x000000b0b3800000) (1024K)]
  0x00000225ff387050 JavaThread "Service Thread"             daemon [_thread_blocked, id=3924, stack(0x000000b0b3800000,0x000000b0b3900000) (1024K)]
  0x00000225ff396930 JavaThread "Monitor Deflation Thread"   daemon [_thread_blocked, id=17432, stack(0x000000b0b3900000,0x000000b0b3a00000) (1024K)]
  0x00000225ff3b4db0 JavaThread "C1 CompilerThread0"         daemon [_thread_blocked, id=12132, stack(0x000000b0b3a00000,0x000000b0b3b00000) (1024K)]
  0x00000225ff47c6b0 JavaThread "Common-Cleaner"             daemon [_thread_blocked, id=16964, stack(0x000000b0b3b00000,0x000000b0b3c00000) (1024K)]
  0x00000225ff6124f0 JavaThread "JDWP Transport Listener: dt_socket" daemon [_thread_blocked, id=15700, stack(0x000000b0b3d00000,0x000000b0b3e00000) (1024K)]
  0x00000225ff6133b0 JavaThread "JDWP Event Helper Thread"   daemon [_thread_blocked, id=7040, stack(0x000000b0b3e00000,0x000000b0b3f00000) (1024K)]
  0x00000225ff617a50 JavaThread "JDWP Command Reader"        daemon [_thread_blocked, id=13280, stack(0x000000b0b3f00000,0x000000b0b4000000) (1024K)]
  0x00000225ff47d3d0 JavaThread "Notification Thread"        daemon [_thread_blocked, id=9092, stack(0x000000b0b4000000,0x000000b0b4100000) (1024K)]
  0x00000225ff47ac70 JavaThread "RMI TCP Accept-0"           daemon [_thread_in_native, id=12148, stack(0x000000b0b4200000,0x000000b0b4300000) (1024K)]
  0x00000225ff47b300 JavaThread "RMI TCP Accept-50720"       daemon [_thread_in_native, id=9856, stack(0x000000b0b4a00000,0x000000b0b4b00000) (1024K)]
  0x00000225ff47da60 JavaThread "RMI TCP Accept-0"           daemon [_thread_in_native, id=10188, stack(0x000000b0b4b00000,0x000000b0b4c00000) (1024K)]
  0x00000225ff47cd40 JavaThread "RMI Scheduler(0)"           daemon [_thread_blocked, id=2620, stack(0x000000b0b4e00000,0x000000b0b4f00000) (1024K)]
  0x00000225ff47c020 JavaThread "RMI TCP Connection(16)-127.0.0.1" daemon [_thread_in_native, id=13112, stack(0x000000b0b4f00000,0x000000b0b5000000) (1024K)]
  0x000002258500ef90 JavaThread "JMX server connection timeout 41" daemon [_thread_blocked, id=17884, stack(0x000000b0b5100000,0x000000b0b5200000) (1024K)]
  0x000002258500fcb0 JavaThread "mysql-cj-abandoned-connection-cleanup" daemon [_thread_blocked, id=9700, stack(0x000000b0b5700000,0x000000b0b5800000) (1024K)]
  0x0000022585012aa0 JavaThread "Live Reload Server"         daemon [_thread_in_native, id=12704, stack(0x000000b0b5c00000,0x000000b0b5d00000) (1024K)]
  0x0000022587953ad0 JavaThread "DestroyJavaVM"                     [_thread_blocked, id=4068, stack(0x000000b0b2b00000,0x000000b0b2c00000) (1024K)]
  0x00000225850116f0 JavaThread "Thread-7"                          [_thread_blocked, id=5884, stack(0x000000b0b4100000,0x000000b0b4200000) (1024K)]
=>0x00000225850109d0 JavaThread "restartedMain"                     [_thread_in_Java, id=9304, stack(0x000000b0b3c00000,0x000000b0b3d00000) (1024K)]
  0x0000022585013130 JavaThread "Catalina-utility-1"                [_thread_blocked, id=12040, stack(0x000000b0b5400000,0x000000b0b5500000) (1024K)]
  0x000002258500e900 JavaThread "Catalina-utility-2"                [_thread_blocked, id=10520, stack(0x000000b0b5500000,0x000000b0b5600000) (1024K)]
  0x00000225850137c0 JavaThread "container-0"                       [_thread_blocked, id=15500, stack(0x000000b0b5600000,0x000000b0b5700000) (1024K)]
  0x0000022585012410 JavaThread "HikariPool-3 housekeeper"   daemon [_thread_blocked, id=13772, stack(0x000000b0b5800000,0x000000b0b5900000) (1024K)]
Total: 27

Other Threads:
  0x00000225ff329bf0 VMThread "VM Thread"                           [id=3064, stack(0x000000b0b3300000,0x000000b0b3400000) (1024K)] _threads_hazard_ptr=0x00000225850b4fc0
  0x00000225fc9f9c70 WatcherThread "VM Periodic Task Thread"        [id=9324, stack(0x000000b0b3200000,0x000000b0b3300000) (1024K)]
  0x00000225f0e249d0 WorkerThread "GC Thread#0"                     [id=12272, stack(0x000000b0b2d00000,0x000000b0b2e00000) (1024K)]
  0x0000022584aa1b00 WorkerThread "GC Thread#1"                     [id=13648, stack(0x000000b0b4300000,0x000000b0b4400000) (1024K)]
  0x0000022584aa1ea0 WorkerThread "GC Thread#2"                     [id=10076, stack(0x000000b0b4400000,0x000000b0b4500000) (1024K)]
  0x0000022584aa2240 WorkerThread "GC Thread#3"                     [id=2784, stack(0x000000b0b4500000,0x000000b0b4600000) (1024K)]
  0x0000022584aa29f0 WorkerThread "GC Thread#4"                     [id=9572, stack(0x000000b0b4600000,0x000000b0b4700000) (1024K)]
  0x0000022584aa6da0 WorkerThread "GC Thread#5"                     [id=15796, stack(0x000000b0b4700000,0x000000b0b4800000) (1024K)]
  0x0000022584acdc90 WorkerThread "GC Thread#6"                     [id=14268, stack(0x000000b0b4800000,0x000000b0b4900000) (1024K)]
  0x0000022584ace030 WorkerThread "GC Thread#7"                     [id=18420, stack(0x000000b0b4900000,0x000000b0b4a00000) (1024K)]
  0x00000225ee91e640 ConcurrentGCThread "G1 Main Marker"            [id=12504, stack(0x000000b0b2e00000,0x000000b0b2f00000) (1024K)]
  0x00000225f0e2dc60 WorkerThread "G1 Conc#0"                       [id=7380, stack(0x000000b0b2f00000,0x000000b0b3000000) (1024K)]
  0x000002258510bee0 WorkerThread "G1 Conc#1"                       [id=14624, stack(0x000000b0b5200000,0x000000b0b5300000) (1024K)]
  0x00000225fc8ce4a0 ConcurrentGCThread "G1 Refine#0"               [id=7948, stack(0x000000b0b3000000,0x000000b0b3100000) (1024K)]
  0x00000225fc8cedb0 ConcurrentGCThread "G1 Service"                [id=15432, stack(0x000000b0b3100000,0x000000b0b3200000) (1024K)]
Total: 15

Threads with active compile tasks:
Total: 0

VM state: synchronizing (normal execution)

VM Mutex/Monitor currently owned by a thread:  ([mutex/lock_event])
[0x00007ffc01352128] Threads_lock - owner thread: 0x00000225ff329bf0

Heap address: 0x0000000704600000, size: 4026 MB, Compressed Oops mode: Zero based, Oop shift amount: 3

CDS archive(s) not mapped
Compressed class space mapped at: 0x0000000800000000-0x0000000840000000, reserved size: 1073741824
Narrow klass base: 0x0000000800000000, Narrow klass shift: 0, Narrow klass range: 0x40000000

GC Precious Log:
 CardTable entry size: 512
 Card Set container configuration: InlinePtr #cards 4 size 8 Array Of Cards #cards 16 size 48 Howl #buckets 8 coarsen threshold 3686 Howl Bitmap #cards 512 size 80 coarsen threshold 460 Card regions per heap region 1 cards per card region 4096
 CPUs: 8 total, 8 available
 Memory: 16102M
 Large Page Support: Disabled
 NUMA Support: Disabled
 Compressed Oops: Enabled (Zero based)
 Heap Region Size: 2M
 Heap Min Capacity: 8M
 Heap Initial Capacity: 252M
 Heap Max Capacity: 4026M
 Pre-touch: Disabled
 Parallel Workers: 8
 Concurrent Workers: 2
 Concurrent Refinement Workers: 8
 Periodic GC: Disabled

Heap:
 garbage-first heap   total 90112K, used 57458K [0x0000000704600000, 0x0000000800000000)
  region size 2048K, 16 young (32768K), 2 survivors (4096K)
 Metaspace       used 81088K, committed 81856K, reserved 1179648K
  class space    used 10671K, committed 11008K, reserved 1048576K

Heap Regions: E=young(eden), S=young(survivor), O=old, HS=humongous(starts), HC=humongous(continues), CS=collection set, F=free, TAMS=top-at-mark-start, PB=parsable bottom
|   0|0x0000000704600000, 0x0000000704800000, 0x0000000704800000|100%| O|  |TAMS 0x0000000704600000| PB 0x0000000704600000| Untracked 
|   1|0x0000000704800000, 0x00000007049fffd0, 0x0000000704a00000| 99%| O|  |TAMS 0x0000000704800000| PB 0x0000000704800000| Untracked 
|   2|0x0000000704a00000, 0x0000000704c00000, 0x0000000704c00000|100%| O|  |TAMS 0x0000000704a00000| PB 0x0000000704a00000| Untracked 
|   3|0x0000000704c00000, 0x0000000704dff010, 0x0000000704e00000| 99%| O|  |TAMS 0x0000000704c00000| PB 0x0000000704c00000| Untracked 
|   4|0x0000000704e00000, 0x0000000704fffff0, 0x0000000705000000| 99%| O|  |TAMS 0x0000000704e00000| PB 0x0000000704e00000| Untracked 
|   5|0x0000000705000000, 0x0000000705200000, 0x0000000705200000|100%| O|  |TAMS 0x0000000705000000| PB 0x0000000705000000| Untracked 
|   6|0x0000000705200000, 0x00000007053fffe8, 0x0000000705400000| 99%| O|  |TAMS 0x0000000705200000| PB 0x0000000705200000| Untracked 
|   7|0x0000000705400000, 0x00000007055fffd8, 0x0000000705600000| 99%| O|  |TAMS 0x0000000705400000| PB 0x0000000705400000| Untracked 
|   8|0x0000000705600000, 0x00000007057ffff0, 0x0000000705800000| 99%| O|  |TAMS 0x0000000705600000| PB 0x0000000705600000| Untracked 
|   9|0x0000000705800000, 0x00000007059ffff8, 0x0000000705a00000| 99%| O|  |TAMS 0x0000000705800000| PB 0x0000000705800000| Untracked 
|  10|0x0000000705a00000, 0x0000000705bfffc8, 0x0000000705c00000| 99%| O|  |TAMS 0x0000000705a00000| PB 0x0000000705a00000| Untracked 
|  11|0x0000000705c00000, 0x0000000705cb6f70, 0x0000000705e00000| 35%| O|  |TAMS 0x0000000705c00000| PB 0x0000000705c00000| Untracked 
|  12|0x0000000705e00000, 0x0000000705f5a400, 0x0000000706000000| 67%| O|  |TAMS 0x0000000705e00000| PB 0x0000000705e00000| Untracked 
|  13|0x0000000706000000, 0x00000007061ffff8, 0x0000000706200000| 99%| O|  |TAMS 0x0000000706000000| PB 0x0000000706000000| Untracked 
|  14|0x0000000706200000, 0x000000070626f160, 0x0000000706400000| 21%| O|  |TAMS 0x0000000706200000| PB 0x0000000706200000| Untracked 
|  15|0x0000000706400000, 0x0000000706400000, 0x0000000706600000|  0%| F|  |TAMS 0x0000000706400000| PB 0x0000000706400000| Untracked 
|  16|0x0000000706600000, 0x0000000706600000, 0x0000000706800000|  0%| F|  |TAMS 0x0000000706600000| PB 0x0000000706600000| Untracked 
|  17|0x0000000706800000, 0x00000007068613d8, 0x0000000706a00000| 18%| O|  |TAMS 0x0000000706800000| PB 0x0000000706800000| Untracked 
|  18|0x0000000706a00000, 0x0000000706a00000, 0x0000000706c00000|  0%| F|  |TAMS 0x0000000706a00000| PB 0x0000000706a00000| Untracked 
|  19|0x0000000706c00000, 0x0000000706d3c370, 0x0000000706e00000| 61%| S|CS|TAMS 0x0000000706c00000| PB 0x0000000706c00000| Complete 
|  20|0x0000000706e00000, 0x0000000707000000, 0x0000000707000000|100%| S|CS|TAMS 0x0000000706e00000| PB 0x0000000706e00000| Complete 
|  21|0x0000000707000000, 0x0000000707000000, 0x0000000707200000|  0%| F|  |TAMS 0x0000000707000000| PB 0x0000000707000000| Untracked 
|  22|0x0000000707200000, 0x0000000707200000, 0x0000000707400000|  0%| F|  |TAMS 0x0000000707200000| PB 0x0000000707200000| Untracked 
|  23|0x0000000707400000, 0x0000000707400000, 0x0000000707600000|  0%| F|  |TAMS 0x0000000707400000| PB 0x0000000707400000| Untracked 
|  24|0x0000000707600000, 0x0000000707600000, 0x0000000707800000|  0%| F|  |TAMS 0x0000000707600000| PB 0x0000000707600000| Untracked 
|  25|0x0000000707800000, 0x0000000707800000, 0x0000000707a00000|  0%| F|  |TAMS 0x0000000707800000| PB 0x0000000707800000| Untracked 
|  26|0x0000000707a00000, 0x0000000707a00000, 0x0000000707c00000|  0%| F|  |TAMS 0x0000000707a00000| PB 0x0000000707a00000| Untracked 
|  27|0x0000000707c00000, 0x0000000707c00000, 0x0000000707e00000|  0%| F|  |TAMS 0x0000000707c00000| PB 0x0000000707c00000| Untracked 
|  28|0x0000000707e00000, 0x0000000707e00000, 0x0000000708000000|  0%| F|  |TAMS 0x0000000707e00000| PB 0x0000000707e00000| Untracked 
|  29|0x0000000708000000, 0x0000000708000000, 0x0000000708200000|  0%| F|  |TAMS 0x0000000708000000| PB 0x0000000708000000| Untracked 
|  30|0x0000000708200000, 0x00000007083ccb48, 0x0000000708400000| 89%| E|  |TAMS 0x0000000708200000| PB 0x0000000708200000| Complete 
|  31|0x0000000708400000, 0x0000000708600000, 0x0000000708600000|100%| E|CS|TAMS 0x0000000708400000| PB 0x0000000708400000| Complete 
|  32|0x0000000708600000, 0x0000000708800000, 0x0000000708800000|100%| E|CS|TAMS 0x0000000708600000| PB 0x0000000708600000| Complete 
|  33|0x0000000708800000, 0x0000000708a00000, 0x0000000708a00000|100%| E|CS|TAMS 0x0000000708800000| PB 0x0000000708800000| Complete 
|  34|0x0000000708a00000, 0x0000000708c00000, 0x0000000708c00000|100%| E|CS|TAMS 0x0000000708a00000| PB 0x0000000708a00000| Complete 
|  35|0x0000000708c00000, 0x0000000708e00000, 0x0000000708e00000|100%| E|CS|TAMS 0x0000000708c00000| PB 0x0000000708c00000| Complete 
|  36|0x0000000708e00000, 0x0000000709000000, 0x0000000709000000|100%| E|CS|TAMS 0x0000000708e00000| PB 0x0000000708e00000| Complete 
|  37|0x0000000709000000, 0x0000000709200000, 0x0000000709200000|100%| E|CS|TAMS 0x0000000709000000| PB 0x0000000709000000| Complete 
|  38|0x0000000709200000, 0x0000000709400000, 0x0000000709400000|100%| E|CS|TAMS 0x0000000709200000| PB 0x0000000709200000| Complete 
|  39|0x0000000709400000, 0x0000000709600000, 0x0000000709600000|100%| E|CS|TAMS 0x0000000709400000| PB 0x0000000709400000| Complete 
|  40|0x0000000709600000, 0x0000000709800000, 0x0000000709800000|100%| E|CS|TAMS 0x0000000709600000| PB 0x0000000709600000| Complete 
|  41|0x0000000709800000, 0x0000000709a00000, 0x0000000709a00000|100%| E|CS|TAMS 0x0000000709800000| PB 0x0000000709800000| Complete 
|  42|0x0000000709a00000, 0x0000000709c00000, 0x0000000709c00000|100%| E|CS|TAMS 0x0000000709a00000| PB 0x0000000709a00000| Complete 
|  43|0x0000000709c00000, 0x0000000709e00000, 0x0000000709e00000|100%| E|CS|TAMS 0x0000000709c00000| PB 0x0000000709c00000| Complete 

Card table byte_map: [0x00000225f8160000,0x00000225f8940000] _byte_map_base: 0x00000225f493d000

Marking Bits: (CMBitMap*) 0x00000225f0e24e70
 Bits: [0x00000225f8940000, 0x00000225fc828000)

Polling page: 0x00000225eeae0000

Metaspace:

Usage:
  Non-class:     68.77 MB used.
      Class:     10.42 MB used.
       Both:     79.19 MB used.

Virtual space:
  Non-class space:      128.00 MB reserved,      69.19 MB ( 54%) committed,  2 nodes.
      Class space:        1.00 GB reserved,      10.75 MB (  1%) committed,  1 nodes.
             Both:        1.12 GB reserved,      79.94 MB (  7%) committed. 

Chunk freelists:
   Non-Class:  10.86 MB
       Class:  5.29 MB
        Both:  16.15 MB

MaxMetaspaceSize: unlimited
CompressedClassSpaceSize: 1.00 GB
Initial GC threshold: 21.00 MB
Current GC threshold: 132.62 MB
CDS: off
 - commit_granule_bytes: 65536.
 - commit_granule_words: 8192.
 - virtual_space_node_default_size: 8388608.
 - enlarge_chunks_in_place: 1.
 - use_allocation_guard: 0.


Internal statistics:

num_allocs_failed_limit: 9.
num_arena_births: 1560.
num_arena_deaths: 508.
num_vsnodes_births: 3.
num_vsnodes_deaths: 0.
num_space_committed: 1279.
num_space_uncommitted: 0.
num_chunks_returned_to_freelist: 596.
num_chunks_taken_from_freelist: 4165.
num_chunk_merges: 152.
num_chunk_splits: 2754.
num_chunks_enlarged: 2006.
num_inconsistent_stats: 0.

CodeCache: size=49152Kb used=16911Kb max_used=18594Kb free=32240Kb
 bounds [0x00000225f4870000, 0x00000225f5b10000, 0x00000225f7870000]
 total_blobs=8870 nmethods=8130 adapters=663
 compilation: enabled
              stopped_count=0, restarted_count=0
 full_count=0

Compilation events (20 events):
Event: 661.126 Thread 0x00000225ff3b4db0 nmethod 10005 0x00000225f5938890 code [0x00000225f5938a20, 0x00000225f5938b48]
Event: 661.127 Thread 0x0000022587ad3550 nmethod 10006 0x00000225f5938310 code [0x00000225f59384e0, 0x00000225f5938680]
Event: 661.128 Thread 0x0000022584b6f470 nmethod 10007 0x00000225f5937990 code [0x00000225f5937ba0, 0x00000225f5937f18]
Event: 661.130 Thread 0x0000022587ad2ea0 nmethod 9994 0x00000225f5934f10 code [0x00000225f5935240, 0x00000225f5936870]
Event: 740.061 Thread 0x00000225ff3b4db0 10008   !   1       org.apache.catalina.core.StandardContext::getLoader (38 bytes)
Event: 740.063 Thread 0x00000225ff3b4db0 nmethod 10008 0x00000225f5934710 code [0x00000225f5934900, 0x00000225f5934c58]
Event: 796.137 Thread 0x00000225ff3b4db0 10009       1       java.net.StandardSocketOptions$StdSocketOption::type (5 bytes)
Event: 796.138 Thread 0x00000225ff3b4db0 nmethod 10009 0x00000225f5934410 code [0x00000225f59345a0, 0x00000225f5934670]
Event: 796.138 Thread 0x00000225ff3b4db0 10010       1       sun.net.ext.ExtendedSocketOptions::options (5 bytes)
Event: 796.138 Thread 0x00000225ff3b4db0 nmethod 10010 0x00000225f5934110 code [0x00000225f59342a0, 0x00000225f5934370]
Event: 796.138 Thread 0x00000225ff3b4db0 10011       1       sun.nio.ch.OptionKey::level (5 bytes)
Event: 796.138 Thread 0x00000225ff3b4db0 nmethod 10011 0x00000225f5933e10 code [0x00000225f5933fa0, 0x00000225f5934068]
Event: 796.138 Thread 0x00000225ff3b4db0 10012       1       sun.nio.ch.OptionKey::name (5 bytes)
Event: 796.138 Thread 0x00000225ff3b4db0 nmethod 10012 0x00000225f5933b10 code [0x00000225f5933ca0, 0x00000225f5933d68]
Event: 840.143 Thread 0x00000225ff3b4db0 10013       1       org.apache.catalina.loader.WebappLoader::getClassLoader (5 bytes)
Event: 840.144 Thread 0x00000225ff3b4db0 nmethod 10013 0x00000225f5933810 code [0x00000225f59339a0, 0x00000225f5933a70]
Event: 841.139 Thread 0x00000225ff3b4db0 10014       1       java.io.DataInputStream::readShort (19 bytes)
Event: 841.139 Thread 0x00000225ff3b4db0 nmethod 10014 0x00000225f5933310 code [0x00000225f59334c0, 0x00000225f5933678]
Event: 890.190 Thread 0x00000225ff3b4db0 10015       1       org.apache.catalina.core.StandardContext::getInstanceManager (5 bytes)
Event: 890.191 Thread 0x00000225ff3b4db0 nmethod 10015 0x00000225f5933010 code [0x00000225f59331a0, 0x00000225f5933270]

GC Heap History (20 events):
Event: 7.199 GC heap before
{Heap before GC invocations=17 (full 0):
 garbage-first heap   total 83968K, used 69363K [0x0000000704600000, 0x0000000800000000)
  region size 2048K, 24 young (49152K), 2 survivors (4096K)
 Metaspace       used 64150K, committed 64832K, reserved 1114112K
  class space    used 8046K, committed 8320K, reserved 1048576K
}
Event: 7.203 GC heap after
{Heap after GC invocations=18 (full 0):
 garbage-first heap   total 102400K, used 25365K [0x0000000704600000, 0x0000000800000000)
  region size 2048K, 2 young (4096K), 2 survivors (4096K)
 Metaspace       used 64150K, committed 64832K, reserved 1114112K
  class space    used 8046K, committed 8320K, reserved 1048576K
}
Event: 7.610 GC heap before
{Heap before GC invocations=18 (full 0):
 garbage-first heap   total 102400K, used 80661K [0x0000000704600000, 0x0000000800000000)
  region size 2048K, 30 young (61440K), 2 survivors (4096K)
 Metaspace       used 70125K, committed 70784K, reserved 1114112K
  class space    used 9123K, committed 9408K, reserved 1048576K
}
Event: 7.614 GC heap after
{Heap after GC invocations=19 (full 0):
 garbage-first heap   total 102400K, used 25593K [0x0000000704600000, 0x0000000800000000)
  region size 2048K, 3 young (6144K), 3 survivors (6144K)
 Metaspace       used 70125K, committed 70784K, reserved 1114112K
  class space    used 9123K, committed 9408K, reserved 1048576K
}
Event: 11.745 GC heap before
{Heap before GC invocations=19 (full 0):
 garbage-first heap   total 102400K, used 80889K [0x0000000704600000, 0x0000000800000000)
  region size 2048K, 30 young (61440K), 3 survivors (6144K)
 Metaspace       used 75074K, committed 75776K, reserved 1179648K
  class space    used 9795K, committed 10112K, reserved 1048576K
}
Event: 11.749 GC heap after
{Heap after GC invocations=20 (full 0):
 garbage-first heap   total 102400K, used 27664K [0x0000000704600000, 0x0000000800000000)
  region size 2048K, 3 young (6144K), 3 survivors (6144K)
 Metaspace       used 75074K, committed 75776K, reserved 1179648K
  class space    used 9795K, committed 10112K, reserved 1048576K
}
Event: 12.140 GC heap before
{Heap before GC invocations=20 (full 0):
 garbage-first heap   total 102400K, used 82960K [0x0000000704600000, 0x0000000800000000)
  region size 2048K, 30 young (61440K), 3 survivors (6144K)
 Metaspace       used 77980K, committed 78656K, reserved 1179648K
  class space    used 10225K, committed 10560K, reserved 1048576K
}
Event: 12.145 GC heap after
{Heap after GC invocations=21 (full 0):
 garbage-first heap   total 102400K, used 30596K [0x0000000704600000, 0x0000000800000000)
  region size 2048K, 4 young (8192K), 4 survivors (8192K)
 Metaspace       used 77980K, committed 78656K, reserved 1179648K
  class space    used 10225K, committed 10560K, reserved 1048576K
}
Event: 80.622 GC heap before
{Heap before GC invocations=21 (full 0):
 garbage-first heap   total 102400K, used 71556K [0x0000000704600000, 0x0000000800000000)
  region size 2048K, 25 young (51200K), 4 survivors (8192K)
 Metaspace       used 80174K, committed 80960K, reserved 1179648K
  class space    used 10540K, committed 10880K, reserved 1048576K
}
Event: 80.637 GC heap after
{Heap after GC invocations=22 (full 0):
 garbage-first heap   total 102400K, used 32780K [0x0000000704600000, 0x0000000800000000)
  region size 2048K, 3 young (6144K), 3 survivors (6144K)
 Metaspace       used 80174K, committed 80960K, reserved 1179648K
  class space    used 10540K, committed 10880K, reserved 1048576K
}
Event: 330.331 GC heap before
{Heap before GC invocations=23 (full 0):
 garbage-first heap   total 102400K, used 63500K [0x0000000704600000, 0x0000000800000000)
  region size 2048K, 20 young (40960K), 3 survivors (6144K)
 Metaspace       used 80087K, committed 80960K, reserved 1179648K
  class space    used 10522K, committed 10880K, reserved 1048576K
}
Event: 330.384 GC heap after
{Heap after GC invocations=24 (full 1):
 garbage-first heap   total 90112K, used 22813K [0x0000000704600000, 0x0000000800000000)
  region size 2048K, 0 young (0K), 0 survivors (0K)
 Metaspace       used 79982K, committed 80960K, reserved 1179648K
  class space    used 10495K, committed 10880K, reserved 1048576K
}
Event: 333.707 GC heap before
{Heap before GC invocations=24 (full 1):
 garbage-first heap   total 90112K, used 74013K [0x0000000704600000, 0x0000000800000000)
  region size 2048K, 26 young (53248K), 0 survivors (0K)
 Metaspace       used 80207K, committed 80960K, reserved 1179648K
  class space    used 10546K, committed 10880K, reserved 1048576K
}
Event: 333.713 GC heap after
{Heap after GC invocations=25 (full 1):
 garbage-first heap   total 90112K, used 27726K [0x0000000704600000, 0x0000000800000000)
  region size 2048K, 3 young (6144K), 3 survivors (6144K)
 Metaspace       used 80207K, committed 80960K, reserved 1179648K
  class space    used 10546K, committed 10880K, reserved 1048576K
}
Event: 336.590 GC heap before
{Heap before GC invocations=26 (full 1):
 garbage-first heap   total 90112K, used 72782K [0x0000000704600000, 0x0000000800000000)
  region size 2048K, 25 young (51200K), 3 survivors (6144K)
 Metaspace       used 80569K, committed 81216K, reserved 1179648K
  class space    used 10594K, committed 10880K, reserved 1048576K
}
Event: 336.594 GC heap after
{Heap after GC invocations=27 (full 1):
 garbage-first heap   total 90112K, used 31740K [0x0000000704600000, 0x0000000800000000)
  region size 2048K, 3 young (6144K), 3 survivors (6144K)
 Metaspace       used 80569K, committed 81216K, reserved 1179648K
  class space    used 10594K, committed 10880K, reserved 1048576K
}
Event: 449.467 GC heap before
{Heap before GC invocations=27 (full 1):
 garbage-first heap   total 90112K, used 60412K [0x0000000704600000, 0x0000000800000000)
  region size 2048K, 18 young (36864K), 3 survivors (6144K)
 Metaspace       used 80741K, committed 81472K, reserved 1179648K
  class space    used 10637K, committed 10944K, reserved 1048576K
}
Event: 449.521 GC heap after
{Heap after GC invocations=28 (full 2):
 garbage-first heap   total 90112K, used 27521K [0x0000000704600000, 0x0000000800000000)
  region size 2048K, 0 young (0K), 0 survivors (0K)
 Metaspace       used 80741K, committed 81472K, reserved 1179648K
  class space    used 10637K, committed 10944K, reserved 1048576K
}
Event: 449.896 GC heap before
{Heap before GC invocations=28 (full 2):
 garbage-first heap   total 90112K, used 74625K [0x0000000704600000, 0x0000000800000000)
  region size 2048K, 23 young (47104K), 0 survivors (0K)
 Metaspace       used 80808K, committed 81536K, reserved 1179648K
  class space    used 10647K, committed 10944K, reserved 1048576K
}
Event: 449.899 GC heap after
{Heap after GC invocations=29 (full 2):
 garbage-first heap   total 90112K, used 30834K [0x0000000704600000, 0x0000000800000000)
  region size 2048K, 2 young (4096K), 2 survivors (4096K)
 Metaspace       used 80808K, committed 81536K, reserved 1179648K
  class space    used 10647K, committed 10944K, reserved 1048576K
}

Dll operation events (12 events):
Event: 0.006 Loaded shared library C:\Users\USER\Documents\sts-4.24.0.RELEASE\plugins\org.eclipse.justj.openjdk.hotspot.jre.full.win32.x86_64_21.0.3.v20240426-1530\jre\bin\java.dll
Event: 0.011 Loaded shared library C:\Users\USER\Documents\sts-4.24.0.RELEASE\plugins\org.eclipse.justj.openjdk.hotspot.jre.full.win32.x86_64_21.0.3.v20240426-1530\jre\bin\zip.dll
Event: 0.328 Loaded shared library C:\Users\USER\Documents\sts-4.24.0.RELEASE\plugins\org.eclipse.justj.openjdk.hotspot.jre.full.win32.x86_64_21.0.3.v20240426-1530\jre\bin\instrument.dll
Event: 0.338 Loaded shared library C:\Users\USER\Documents\sts-4.24.0.RELEASE\plugins\org.eclipse.justj.openjdk.hotspot.jre.full.win32.x86_64_21.0.3.v20240426-1530\jre\bin\net.dll
Event: 0.339 Loaded shared library C:\Users\USER\Documents\sts-4.24.0.RELEASE\plugins\org.eclipse.justj.openjdk.hotspot.jre.full.win32.x86_64_21.0.3.v20240426-1530\jre\bin\nio.dll
Event: 0.347 Loaded shared library C:\Users\USER\Documents\sts-4.24.0.RELEASE\plugins\org.eclipse.justj.openjdk.hotspot.jre.full.win32.x86_64_21.0.3.v20240426-1530\jre\bin\zip.dll
Event: 0.488 Loaded shared library C:\Users\USER\Documents\sts-4.24.0.RELEASE\plugins\org.eclipse.justj.openjdk.hotspot.jre.full.win32.x86_64_21.0.3.v20240426-1530\jre\bin\jimage.dll
Event: 0.531 Loaded shared library C:\Users\USER\Documents\sts-4.24.0.RELEASE\plugins\org.eclipse.justj.openjdk.hotspot.jre.full.win32.x86_64_21.0.3.v20240426-1530\jre\bin\management.dll
Event: 0.540 Loaded shared library C:\Users\USER\Documents\sts-4.24.0.RELEASE\plugins\org.eclipse.justj.openjdk.hotspot.jre.full.win32.x86_64_21.0.3.v20240426-1530\jre\bin\management_ext.dll
Event: 0.710 Loaded shared library C:\Users\USER\Documents\sts-4.24.0.RELEASE\plugins\org.eclipse.justj.openjdk.hotspot.jre.full.win32.x86_64_21.0.3.v20240426-1530\jre\bin\extnet.dll
Event: 0.737 Loaded shared library C:\Users\USER\Documents\sts-4.24.0.RELEASE\plugins\org.eclipse.justj.openjdk.hotspot.jre.full.win32.x86_64_21.0.3.v20240426-1530\jre\bin\verify.dll
Event: 2.568 Loaded shared library C:\Users\USER\Documents\sts-4.24.0.RELEASE\plugins\org.eclipse.justj.openjdk.hotspot.jre.full.win32.x86_64_21.0.3.v20240426-1530\jre\bin\sunmscapi.dll

Deoptimization events (20 events):
Event: 601.047 Thread 0x00000225ff47c020 DEOPT PACKING pc=0x00000225f4bd24f4 sp=0x000000b0b4ffd300
Event: 601.047 Thread 0x00000225ff47c020 DEOPT UNPACKING pc=0x00000225f48c4e42 sp=0x000000b0b4ffc868 mode 1
Event: 601.048 Thread 0x00000225ff47c020 DEOPT PACKING pc=0x00000225f588823c sp=0x000000b0b4ffccd0
Event: 601.048 Thread 0x00000225ff47c020 DEOPT UNPACKING pc=0x00000225f48c4e42 sp=0x000000b0b4ffc238 mode 1
Event: 601.049 Thread 0x00000225ff47c020 DEOPT PACKING pc=0x00000225f4bd24f4 sp=0x000000b0b4ffcd40
Event: 601.049 Thread 0x00000225ff47c020 DEOPT UNPACKING pc=0x00000225f48c4e42 sp=0x000000b0b4ffc2a8 mode 1
Event: 601.049 Thread 0x00000225ff47c020 DEOPT PACKING pc=0x00000225f4bd24f4 sp=0x000000b0b4ffcd40
Event: 601.049 Thread 0x00000225ff47c020 DEOPT UNPACKING pc=0x00000225f48c4e42 sp=0x000000b0b4ffc2a8 mode 1
Event: 601.049 Thread 0x00000225ff47c020 DEOPT PACKING pc=0x00000225f4bd24f4 sp=0x000000b0b4ffcd40
Event: 601.049 Thread 0x00000225ff47c020 DEOPT UNPACKING pc=0x00000225f48c4e42 sp=0x000000b0b4ffc2a8 mode 1
Event: 601.049 Thread 0x00000225ff47c020 DEOPT PACKING pc=0x00000225f4bd24f4 sp=0x000000b0b4ffcd40
Event: 601.049 Thread 0x00000225ff47c020 DEOPT UNPACKING pc=0x00000225f48c4e42 sp=0x000000b0b4ffc2a8 mode 1
Event: 601.049 Thread 0x00000225ff47c020 DEOPT PACKING pc=0x00000225f4bd24f4 sp=0x000000b0b4ffcd40
Event: 601.049 Thread 0x00000225ff47c020 DEOPT UNPACKING pc=0x00000225f48c4e42 sp=0x000000b0b4ffc2a8 mode 1
Event: 601.049 Thread 0x00000225ff47c020 DEOPT PACKING pc=0x00000225f4bd24f4 sp=0x000000b0b4ffcd40
Event: 601.049 Thread 0x00000225ff47c020 DEOPT UNPACKING pc=0x00000225f48c4e42 sp=0x000000b0b4ffc2a8 mode 1
Event: 601.050 Thread 0x00000225ff47c020 DEOPT PACKING pc=0x00000225f4bd24f4 sp=0x000000b0b4ffcd40
Event: 601.050 Thread 0x00000225ff47c020 DEOPT UNPACKING pc=0x00000225f48c4e42 sp=0x000000b0b4ffc2a8 mode 1
Event: 1024.873 Thread 0x00000225850109d0 DEOPT PACKING pc=0x00000225f4c28ab4 sp=0x000000b0b3cfdaf0
Event: 1024.873 Thread 0x00000225850109d0 DEOPT UNPACKING pc=0x00000225f48c4e42 sp=0x000000b0b3cfcfa8 mode 0

Classes loaded (20 events):
Event: 328.552 Loading class sun/security/ssl/Alert
Event: 328.552 Loading class sun/security/ssl/Alert done
Event: 328.552 Loading class sun/security/ssl/Alert$AlertConsumer
Event: 328.553 Loading class sun/security/ssl/Alert$AlertConsumer done
Event: 328.553 Loading class sun/security/ssl/Alert$Level
Event: 328.553 Loading class sun/security/ssl/Alert$Level done
Event: 329.797 Loading class sun/net/ConnectionResetException
Event: 329.797 Loading class sun/net/ConnectionResetException done
Event: 330.384 Loading class java/lang/ref/Finalizer$2
Event: 330.384 Loading class java/lang/ref/Finalizer$2 done
Event: 330.385 Loading class java/lang/ref/Finalizer$1
Event: 330.385 Loading class java/lang/ref/Finalizer$1 done
Event: 336.466 Loading class java/time/DurationEditor
Event: 336.466 Loading class java/time/DurationEditor done
Event: 447.867 Loading class java/net/BindException
Event: 447.867 Loading class java/net/BindException done
Event: 447.868 Loading class java/text/FieldPosition$Delegate
Event: 447.868 Loading class java/text/FieldPosition$Delegate done
Event: 447.868 Loading class java/text/NumberFormat$Field
Event: 447.868 Loading class java/text/NumberFormat$Field done

Classes unloaded (20 events):
Event: 333.739 Thread 0x00000225ff329bf0 Unloading class 0x0000000800496c00 'java/lang/invoke/LambdaForm$MH+0x0000000800496c00'
Event: 333.739 Thread 0x00000225ff329bf0 Unloading class 0x000000080049ac00 'java/lang/invoke/LambdaForm$MH+0x000000080049ac00'
Event: 333.739 Thread 0x00000225ff329bf0 Unloading class 0x000000080049b000 'java/lang/invoke/LambdaForm$MH+0x000000080049b000'
Event: 333.739 Thread 0x00000225ff329bf0 Unloading class 0x00000008004b4000 'java/lang/invoke/LambdaForm$MH+0x00000008004b4000'
Event: 333.739 Thread 0x00000225ff329bf0 Unloading class 0x00000008004b5000 'java/lang/invoke/LambdaForm$MH+0x00000008004b5000'
Event: 333.739 Thread 0x00000225ff329bf0 Unloading class 0x00000008004c1800 'java/lang/invoke/LambdaForm$MH+0x00000008004c1800'
Event: 333.739 Thread 0x00000225ff329bf0 Unloading class 0x00000008004d8800 'java/lang/invoke/LambdaForm$MH+0x00000008004d8800'
Event: 333.739 Thread 0x00000225ff329bf0 Unloading class 0x0000000800580800 'java/lang/invoke/LambdaForm$MH+0x0000000800580800'
Event: 333.739 Thread 0x00000225ff329bf0 Unloading class 0x0000000800582400 'java/lang/invoke/LambdaForm$MH+0x0000000800582400'
Event: 333.739 Thread 0x00000225ff329bf0 Unloading class 0x0000000800582800 'java/lang/invoke/LambdaForm$MH+0x0000000800582800'
Event: 333.739 Thread 0x00000225ff329bf0 Unloading class 0x0000000800588000 'java/lang/invoke/LambdaForm$MH+0x0000000800588000'
Event: 333.739 Thread 0x00000225ff329bf0 Unloading class 0x0000000800588800 'java/lang/invoke/LambdaForm$MH+0x0000000800588800'
Event: 333.739 Thread 0x00000225ff329bf0 Unloading class 0x000000080059ac00 'jdk/internal/reflect/GeneratedSerializationConstructorAccessor27'
Event: 333.739 Thread 0x00000225ff329bf0 Unloading class 0x00000008005a8400 'jdk/internal/reflect/GeneratedSerializationConstructorAccessor26'
Event: 333.739 Thread 0x00000225ff329bf0 Unloading class 0x00000008005a9400 'jdk/internal/reflect/GeneratedSerializationConstructorAccessor25'
Event: 333.739 Thread 0x00000225ff329bf0 Unloading class 0x00000008005aa800 'jdk/internal/reflect/GeneratedSerializationConstructorAccessor24'
Event: 333.739 Thread 0x00000225ff329bf0 Unloading class 0x00000008005b4c00 'java/lang/invoke/LambdaForm$MH+0x00000008005b4c00'
Event: 333.739 Thread 0x00000225ff329bf0 Unloading class 0x00000008005b5400 'jdk/internal/reflect/GeneratedSerializationConstructorAccessor23'
Event: 333.739 Thread 0x00000225ff329bf0 Unloading class 0x00000008005d4800 'jdk/internal/reflect/GeneratedSerializationConstructorAccessor22'
Event: 333.739 Thread 0x00000225ff329bf0 Unloading class 0x0000000800a97400 'java/lang/invoke/LambdaForm$MH+0x0000000800a97400'

Classes redefined (9 events):
Event: 560.540 Thread 0x00000225ff329bf0 redefined class name=org.jsp.quiz.service.QuestionDataLoader, count=1
Event: 560.540 Thread 0x00000225ff329bf0 redefined class name=org.jsp.quiz.service.QuestionDataLoader, count=1
Event: 560.540 Thread 0x00000225ff329bf0 redefined class name=org.jsp.quiz.service.QuestionDataLoader, count=1
Event: 575.430 Thread 0x00000225ff329bf0 redefined class name=org.jsp.quiz.service.QuestionDataLoader, count=2
Event: 575.430 Thread 0x00000225ff329bf0 redefined class name=org.jsp.quiz.service.QuestionDataLoader, count=2
Event: 575.430 Thread 0x00000225ff329bf0 redefined class name=org.jsp.quiz.service.QuestionDataLoader, count=2
Event: 602.963 Thread 0x00000225ff329bf0 redefined class name=org.jsp.quiz.service.QuestionDataLoader, count=3
Event: 602.963 Thread 0x00000225ff329bf0 redefined class name=org.jsp.quiz.service.QuestionDataLoader, count=3
Event: 602.963 Thread 0x00000225ff329bf0 redefined class name=org.jsp.quiz.service.QuestionDataLoader, count=3

Internal exceptions (20 events):
Event: 330.989 Thread 0x000002258794e580 Exception <a 'java/lang/NoClassDefFoundError'{0x0000000708724360}: org/springframework/batch/core/repository/JobRepository> (0x0000000708724360) 
thrown [s\src\hotspot\share\oops\constantPool.cpp, line 873]
Event: 330.990 Thread 0x000002258794e580 Exception <a 'java/lang/NoClassDefFoundError'{0x00000007087249b8}: org/quartz/Scheduler> (0x00000007087249b8) 
thrown [s\src\hotspot\share\oops\constantPool.cpp, line 873]
Event: 330.991 Thread 0x000002258794e580 Exception <a 'java/lang/NoClassDefFoundError'{0x0000000708725038}: org/springframework/session/jdbc/JdbcIndexedSessionRepository> (0x0000000708725038) 
thrown [s\src\hotspot\share\oops\constantPool.cpp, line 873]
Event: 331.003 Thread 0x000002258794e580 Exception <a 'java/lang/NoSuchMethodError'{0x0000000708413e28}: 'void java.lang.invoke.DelegatingMethodHandle$Holder.reinvoke_L(java.lang.Object, java.lang.Object, int)'> (0x0000000708413e28) 
thrown [s\src\hotspot\share\interpreter\linkResolver.cpp, line 773]
Event: 331.044 Thread 0x000002258794e580 Exception <a 'java/lang/NoSuchMethodError'{0x00000007080425d8}: 'int java.lang.invoke.DirectMethodHandle$Holder.invokeVirtual(java.lang.Object, java.lang.Object, java.lang.Object, java.lang.Object)'> (0x00000007080425d8) 
thrown [s\src\hotspot\share\interpreter\linkResolver.cpp, line 773]
Event: 331.044 Thread 0x000002258794e580 Exception <a 'java/lang/NoSuchMethodError'{0x0000000708045ef0}: 'int java.lang.invoke.DelegatingMethodHandle$Holder.reinvoke_L(java.lang.Object, java.lang.Object, java.lang.Object, java.lang.Object)'> (0x0000000708045ef0) 
thrown [s\src\hotspot\share\interpreter\linkResolver.cpp, line 773]
Event: 331.061 Thread 0x000002258794e580 Exception <a 'java/io/FileNotFoundException'{0x0000000707f9d588}> (0x0000000707f9d588) 
thrown [s\src\hotspot\share\prims\jni.cpp, line 520]
Event: 331.093 Thread 0x000002258794e580 Exception <a 'java/lang/NoSuchMethodError'{0x0000000707bd1230}: 'void java.lang.invoke.DirectMethodHandle$Holder.invokeVirtual(java.lang.Object, java.lang.Object, java.lang.Object, java.lang.Object, java.lang.Object)'> (0x0000000707bd1230) 
thrown [s\src\hotspot\share\interpreter\linkResolver.cpp, line 773]
Event: 334.923 Thread 0x000002258794e580 Exception <a 'java/lang/NoSuchMethodError'{0x0000000709691b28}: 'java.lang.Object java.lang.invoke.DirectMethodHandle$Holder.invokeSpecial(java.lang.Object, java.lang.Object, int, java.lang.Object, int)'> (0x0000000709691b28) 
thrown [s\src\hotspot\share\interpreter\linkResolver.cpp, line 773]
Event: 447.859 Thread 0x0000022587954e80 Exception <a 'java/lang/InterruptedException'{0x00000007083ce658}: sleep interrupted> (0x00000007083ce658) 
thrown [s\src\hotspot\share\prims\jvm.cpp, line 3074]
Event: 447.865 Thread 0x000002258794e580 Exception <a 'java/io/IOException'{0x0000000708306730}> (0x0000000708306730) 
thrown [s\src\hotspot\share\prims\jni.cpp, line 520]
Event: 449.533 Thread 0x00000225850109d0 Exception <a 'sun/nio/fs/WindowsException'{0x0000000709c88038}> (0x0000000709c88038) 
thrown [s\src\hotspot\share\prims\jni.cpp, line 520]
Event: 449.759 Thread 0x00000225850109d0 Exception <a 'java/lang/NoClassDefFoundError'{0x000000070899dd10}: org/flywaydb/core/Flyway> (0x000000070899dd10) 
thrown [s\src\hotspot\share\oops\constantPool.cpp, line 873]
Event: 449.761 Thread 0x00000225850109d0 Exception <a 'java/lang/NoClassDefFoundError'{0x000000070899e370}: liquibase/integration/spring/SpringLiquibase> (0x000000070899e370) 
thrown [s\src\hotspot\share\oops\constantPool.cpp, line 873]
Event: 449.765 Thread 0x00000225850109d0 Exception <a 'java/lang/NoClassDefFoundError'{0x00000007089f5a28}: org/jooq/DSLContext> (0x00000007089f5a28) 
thrown [s\src\hotspot\share\oops\constantPool.cpp, line 873]
Event: 449.767 Thread 0x00000225850109d0 Exception <a 'java/lang/NoClassDefFoundError'{0x00000007086049f8}: org/springframework/batch/core/repository/JobRepository> (0x00000007086049f8) 
thrown [s\src\hotspot\share\oops\constantPool.cpp, line 873]
Event: 449.768 Thread 0x00000225850109d0 Exception <a 'java/lang/NoClassDefFoundError'{0x0000000708605050}: org/quartz/Scheduler> (0x0000000708605050) 
thrown [s\src\hotspot\share\oops\constantPool.cpp, line 873]
Event: 449.768 Thread 0x00000225850109d0 Exception <a 'java/lang/NoClassDefFoundError'{0x00000007086056d0}: org/springframework/session/jdbc/JdbcIndexedSessionRepository> (0x00000007086056d0) 
thrown [s\src\hotspot\share\oops\constantPool.cpp, line 873]
Event: 449.814 Thread 0x00000225850109d0 Exception <a 'java/io/FileNotFoundException'{0x0000000708162af0}> (0x0000000708162af0) 
thrown [s\src\hotspot\share\prims\jni.cpp, line 520]
Event: 601.050 Thread 0x00000225ff47c020 Exception <a 'java/lang/NoSuchMethodError'{0x000000070834c328}: static [B.<clinit>()V> (0x000000070834c328) 
thrown [s\src\hotspot\share\prims\jni.cpp, line 1111]

ZGC Phase Switch (0 events):
No events

VM Operations (20 events):
Event: 550.114 Executing VM operation: Cleanup done
Event: 560.528 Executing VM operation: RedefineClasses
Event: 560.565 Executing VM operation: RedefineClasses done
Event: 560.593 Executing VM operation: get/set locals
Event: 560.593 Executing VM operation: get/set locals done
Event: 575.423 Executing VM operation: RedefineClasses
Event: 575.448 Executing VM operation: RedefineClasses done
Event: 575.477 Executing VM operation: get/set locals
Event: 575.477 Executing VM operation: get/set locals done
Event: 602.956 Executing VM operation: RedefineClasses
Event: 602.979 Executing VM operation: RedefineClasses done
Event: 603.014 Executing VM operation: get/set locals
Event: 603.014 Executing VM operation: get/set locals done
Event: 721.508 Executing VM operation: Cleanup
Event: 721.509 Executing VM operation: Cleanup done
Event: 1024.873 Executing VM operation: ChangeSingleStep
Event: 1024.873 Executing VM operation: ChangeSingleStep done
Event: 1024.873 Executing VM operation: ChangeSingleStep
Event: 1024.873 Executing VM operation: ChangeSingleStep done
Event: 1027.138 Executing VM operation: GetObjectMonitorUsage

Events (20 events):
Event: 449.541 Thread 0x0000022584768370 Thread added: 0x0000022584768370
Event: 449.541 Thread 0x0000022586ed4f90 Thread added: 0x0000022586ed4f90
Event: 449.541 Thread 0x00000225856b8d00 Thread added: 0x00000225856b8d00
Event: 449.576 Thread 0x0000022585012410 Thread added: 0x0000022585012410
Event: 449.605 Thread 0x0000022585012410 Thread exited: 0x0000022585012410
Event: 449.884 Thread 0x0000022585013130 Thread added: 0x0000022585013130
Event: 449.884 Thread 0x000002258500e900 Thread added: 0x000002258500e900
Event: 449.884 Thread 0x00000225850137c0 Thread added: 0x00000225850137c0
Event: 452.348 Thread 0x0000022585012410 Thread added: 0x0000022585012410
Event: 452.456 Thread 0x0000022585013e50 Thread added: 0x0000022585013e50
Event: 454.252 Thread 0x00000225856b8d00 Thread exited: 0x00000225856b8d00
Event: 454.776 Thread 0x0000022586ed4f90 Thread exited: 0x0000022586ed4f90
Event: 456.462 Thread 0x0000022584768370 Thread exited: 0x0000022584768370
Event: 475.826 Thread 0x0000022585013e50 Thread exited: 0x0000022585013e50
Event: 661.118 Thread 0x0000022584b6f470 Thread added: 0x0000022584b6f470
Event: 661.118 Thread 0x0000022587ad2ea0 Thread added: 0x0000022587ad2ea0
Event: 661.118 Thread 0x0000022587ad3550 Thread added: 0x0000022587ad3550
Event: 666.127 Thread 0x0000022587ad2ea0 Thread exited: 0x0000022587ad2ea0
Event: 666.127 Thread 0x0000022587ad3550 Thread exited: 0x0000022587ad3550
Event: 671.131 Thread 0x0000022584b6f470 Thread exited: 0x0000022584b6f470


Dynamic libraries:
0x00007ff68f8c0000 - 0x00007ff68f8ce000 	C:\Users\USER\Documents\sts-4.24.0.RELEASE\plugins\org.eclipse.justj.openjdk.hotspot.jre.full.win32.x86_64_21.0.3.v20240426-1530\jre\bin\javaw.exe
0x00007ffc39590000 - 0x00007ffc397a7000 	C:\Windows\SYSTEM32\ntdll.dll
0x00007ffc38880000 - 0x00007ffc38944000 	C:\Windows\System32\KERNEL32.DLL
0x00007ffc36ad0000 - 0x00007ffc36e7d000 	C:\Windows\System32\KERNELBASE.dll
0x00007ffc370d0000 - 0x00007ffc371e1000 	C:\Windows\System32\ucrtbase.dll
0x00007ffc305d0000 - 0x00007ffc305e8000 	C:\Users\USER\Documents\sts-4.24.0.RELEASE\plugins\org.eclipse.justj.openjdk.hotspot.jre.full.win32.x86_64_21.0.3.v20240426-1530\jre\bin\jli.dll
0x00007ffc38b00000 - 0x00007ffc38cae000 	C:\Windows\System32\USER32.dll
0x00007ffc37290000 - 0x00007ffc372b6000 	C:\Windows\System32\win32u.dll
0x00007ffc38190000 - 0x00007ffc381b9000 	C:\Windows\System32\GDI32.dll
0x00007ffc36f40000 - 0x00007ffc37059000 	C:\Windows\System32\gdi32full.dll
0x00007ffc371f0000 - 0x00007ffc3728a000 	C:\Windows\System32\msvcp_win.dll
0x00007ffc30290000 - 0x00007ffc302ab000 	C:\Users\USER\Documents\sts-4.24.0.RELEASE\plugins\org.eclipse.justj.openjdk.hotspot.jre.full.win32.x86_64_21.0.3.v20240426-1530\jre\bin\VCRUNTIME140.dll
0x00007ffc24f10000 - 0x00007ffc251a3000 	C:\Windows\WinSxS\amd64_microsoft.windows.common-controls_6595b64144ccf1df_6.0.22621.3672_none_2713b9d173822955\COMCTL32.dll
0x00007ffc372c0000 - 0x00007ffc37367000 	C:\Windows\System32\msvcrt.dll
0x00007ffc37de0000 - 0x00007ffc37e11000 	C:\Windows\System32\IMM32.DLL
0x00007ffc1d800000 - 0x00007ffc1d963000 	C:\Program Files (x86)\Citrix\ICA Client\ctxapclient64.dll
0x00007ffc36930000 - 0x00007ffc36958000 	C:\Windows\System32\bcrypt.dll
0x00007ffc38d60000 - 0x00007ffc390ed000 	C:\Windows\System32\combase.dll
0x00007ffc39430000 - 0x00007ffc39544000 	C:\Windows\System32\RPCRT4.dll
0x00007ffc30d90000 - 0x00007ffc30d9a000 	C:\Windows\SYSTEM32\VERSION.dll
0x00007ffc39350000 - 0x00007ffc39402000 	C:\Windows\System32\ADVAPI32.dll
0x00007ffc380e0000 - 0x00007ffc38189000 	C:\Windows\System32\sechost.dll
0x00007ffc359b0000 - 0x00007ffc359e4000 	C:\Windows\SYSTEM32\ntmarta.dll
0x00007ffc368b0000 - 0x00007ffc3692b000 	C:\Windows\System32\bcryptprimitives.dll
0x00007ffc1d7c0000 - 0x00007ffc1d7fa000 	C:\Program Files (x86)\Citrix\ICA Client\Receiver\FeatureFlagHelper64.dll
0x00007ffc30280000 - 0x00007ffc3028c000 	C:\Users\USER\Documents\sts-4.24.0.RELEASE\plugins\org.eclipse.justj.openjdk.hotspot.jre.full.win32.x86_64_21.0.3.v20240426-1530\jre\bin\vcruntime140_1.dll
0x00007ffc16550000 - 0x00007ffc165de000 	C:\Users\USER\Documents\sts-4.24.0.RELEASE\plugins\org.eclipse.justj.openjdk.hotspot.jre.full.win32.x86_64_21.0.3.v20240426-1530\jre\bin\msvcp140.dll
0x00007ffc006b0000 - 0x00007ffc01432000 	C:\Users\USER\Documents\sts-4.24.0.RELEASE\plugins\org.eclipse.justj.openjdk.hotspot.jre.full.win32.x86_64_21.0.3.v20240426-1530\jre\bin\server\jvm.dll
0x00007ffc38050000 - 0x00007ffc380c1000 	C:\Windows\System32\WS2_32.dll
0x00007ffc35700000 - 0x00007ffc3574d000 	C:\Windows\SYSTEM32\POWRPROF.dll
0x00007ffc30e30000 - 0x00007ffc30e64000 	C:\Windows\SYSTEM32\WINMM.dll
0x00007ffc356e0000 - 0x00007ffc356f3000 	C:\Windows\SYSTEM32\UMPDC.dll
0x00007ffc35990000 - 0x00007ffc359a8000 	C:\Windows\SYSTEM32\kernel.appcore.dll
0x00007ffc308c0000 - 0x00007ffc308ca000 	C:\Users\USER\Documents\sts-4.24.0.RELEASE\plugins\org.eclipse.justj.openjdk.hotspot.jre.full.win32.x86_64_21.0.3.v20240426-1530\jre\bin\jimage.dll
0x00007ffc34100000 - 0x00007ffc34332000 	C:\Windows\SYSTEM32\DBGHELP.DLL
0x00000225f0450000 - 0x00000225f0527000 	C:\Windows\System32\OLEAUT32.dll
0x00007ffc2e070000 - 0x00007ffc2e0a2000 	C:\Windows\SYSTEM32\dbgcore.DLL
0x00007ffc176c0000 - 0x00007ffc176fc000 	C:\Users\USER\Documents\sts-4.24.0.RELEASE\plugins\org.eclipse.justj.openjdk.hotspot.jre.full.win32.x86_64_21.0.3.v20240426-1530\jre\bin\jdwp.dll
0x00007ffc308b0000 - 0x00007ffc308bf000 	C:\Users\USER\Documents\sts-4.24.0.RELEASE\plugins\org.eclipse.justj.openjdk.hotspot.jre.full.win32.x86_64_21.0.3.v20240426-1530\jre\bin\instrument.dll
0x00007ffc306b0000 - 0x00007ffc306cf000 	C:\Users\USER\Documents\sts-4.24.0.RELEASE\plugins\org.eclipse.justj.openjdk.hotspot.jre.full.win32.x86_64_21.0.3.v20240426-1530\jre\bin\java.dll
0x00007ffc305b0000 - 0x00007ffc305c8000 	C:\Users\USER\Documents\sts-4.24.0.RELEASE\plugins\org.eclipse.justj.openjdk.hotspot.jre.full.win32.x86_64_21.0.3.v20240426-1530\jre\bin\zip.dll
0x00000225ff6c0000 - 0x00000225fff28000 	C:\Windows\System32\SHELL32.dll
0x00007ffc347c0000 - 0x00007ffc350be000 	C:\Windows\SYSTEM32\windows.storage.dll
0x00007ffc34680000 - 0x00007ffc347bf000 	C:\Windows\SYSTEM32\wintypes.dll
0x00007ffc37ce0000 - 0x00007ffc37dd9000 	C:\Windows\System32\SHCORE.dll
0x00007ffc39280000 - 0x00007ffc392de000 	C:\Windows\System32\shlwapi.dll
0x00007ffc367e0000 - 0x00007ffc36801000 	C:\Windows\SYSTEM32\profapi.dll
0x00007ffc303d0000 - 0x00007ffc303db000 	C:\Users\USER\Documents\sts-4.24.0.RELEASE\plugins\org.eclipse.justj.openjdk.hotspot.jre.full.win32.x86_64_21.0.3.v20240426-1530\jre\bin\dt_socket.dll
0x00007ffc35390000 - 0x00007ffc353bd000 	C:\Windows\SYSTEM32\IPHLPAPI.DLL
0x00007ffc35df0000 - 0x00007ffc35e59000 	C:\Windows\system32\mswsock.dll
0x00007ffc35400000 - 0x00007ffc354f8000 	C:\Windows\SYSTEM32\DNSAPI.dll
0x0000022584010000 - 0x0000022584019000 	C:\Windows\System32\NSI.dll
0x00007ffc30b70000 - 0x00007ffc30b7a000 	C:\Windows\System32\rasadhlp.dll
0x00007ffc310a0000 - 0x00007ffc31123000 	C:\Windows\System32\fwpuclnt.dll
0x00007ffc308a0000 - 0x00007ffc308b0000 	C:\Users\USER\Documents\sts-4.24.0.RELEASE\plugins\org.eclipse.justj.openjdk.hotspot.jre.full.win32.x86_64_21.0.3.v20240426-1530\jre\bin\net.dll
0x00007ffc329b0000 - 0x00007ffc32ae6000 	C:\Windows\SYSTEM32\WINHTTP.dll
0x00007ffc304b0000 - 0x00007ffc304c6000 	C:\Users\USER\Documents\sts-4.24.0.RELEASE\plugins\org.eclipse.justj.openjdk.hotspot.jre.full.win32.x86_64_21.0.3.v20240426-1530\jre\bin\nio.dll
0x00007ffc30270000 - 0x00007ffc3027a000 	C:\Users\USER\Documents\sts-4.24.0.RELEASE\plugins\org.eclipse.justj.openjdk.hotspot.jre.full.win32.x86_64_21.0.3.v20240426-1530\jre\bin\management.dll
0x00007ffc300a0000 - 0x00007ffc300ab000 	C:\Users\USER\Documents\sts-4.24.0.RELEASE\plugins\org.eclipse.justj.openjdk.hotspot.jre.full.win32.x86_64_21.0.3.v20240426-1530\jre\bin\management_ext.dll
0x00007ffc380d0000 - 0x00007ffc380d8000 	C:\Windows\System32\PSAPI.DLL
0x00007ffc29aa0000 - 0x00007ffc29ab7000 	C:\Windows\system32\napinsp.dll
0x00007ffc24c70000 - 0x00007ffc24c8b000 	C:\Windows\system32\pnrpnsp.dll
0x00007ffc23c00000 - 0x00007ffc23c11000 	C:\Windows\System32\winrnr.dll
0x00007ffc0d520000 - 0x00007ffc0d535000 	C:\Windows\system32\wshbth.dll
0x00007ffbf2330000 - 0x00007ffbf2357000 	C:\Windows\system32\nlansp_c.dll
0x00007ffc36140000 - 0x00007ffc3615b000 	C:\Windows\SYSTEM32\CRYPTSP.dll
0x00007ffc358f0000 - 0x00007ffc35925000 	C:\Windows\system32\rsaenh.dll
0x00007ffc35e90000 - 0x00007ffc35eb8000 	C:\Windows\SYSTEM32\USERENV.dll
0x00007ffc36120000 - 0x00007ffc3612c000 	C:\Windows\SYSTEM32\CRYPTBASE.dll
0x00007ffc30090000 - 0x00007ffc30099000 	C:\Users\USER\Documents\sts-4.24.0.RELEASE\plugins\org.eclipse.justj.openjdk.hotspot.jre.full.win32.x86_64_21.0.3.v20240426-1530\jre\bin\extnet.dll
0x00007ffc30580000 - 0x00007ffc30590000 	C:\Users\USER\Documents\sts-4.24.0.RELEASE\plugins\org.eclipse.justj.openjdk.hotspot.jre.full.win32.x86_64_21.0.3.v20240426-1530\jre\bin\verify.dll
0x00007ffc30560000 - 0x00007ffc3056e000 	C:\Users\USER\Documents\sts-4.24.0.RELEASE\plugins\org.eclipse.justj.openjdk.hotspot.jre.full.win32.x86_64_21.0.3.v20240426-1530\jre\bin\sunmscapi.dll
0x00007ffc36960000 - 0x00007ffc36ac7000 	C:\Windows\System32\CRYPT32.dll
0x00007ffc36260000 - 0x00007ffc3628e000 	C:\Windows\SYSTEM32\ncrypt.dll
0x00007ffc36220000 - 0x00007ffc36257000 	C:\Windows\SYSTEM32\NTASN1.dll
0x00007ffc303b0000 - 0x00007ffc303b8000 	C:\Windows\system32\wshunix.dll

dbghelp: loaded successfully - version: 4.0.5 - missing functions: none
symbol engine: initialized successfully - sym options: 0x614 - pdb path: .;C:\Users\USER\Documents\sts-4.24.0.RELEASE\plugins\org.eclipse.justj.openjdk.hotspot.jre.full.win32.x86_64_21.0.3.v20240426-1530\jre\bin;C:\Windows\SYSTEM32;C:\Windows\WinSxS\amd64_microsoft.windows.common-controls_6595b64144ccf1df_6.0.22621.3672_none_2713b9d173822955;C:\Program Files (x86)\Citrix\ICA Client;C:\Program Files (x86)\Citrix\ICA Client\Receiver;C:\Users\USER\Documents\sts-4.24.0.RELEASE\plugins\org.eclipse.justj.openjdk.hotspot.jre.full.win32.x86_64_21.0.3.v20240426-1530\jre\bin\server

VM Arguments:
jvm_args: -XX:+ShowCodeDetailsInExceptionMessages -agentlib:jdwp=transport=dt_socket,suspend=y,address=localhost:50722 -Dcom.sun.management.jmxremote -Dcom.sun.management.jmxremote.port=50720 -Dcom.sun.management.jmxremote.authenticate=false -Dcom.sun.management.jmxremote.ssl=false -Djava.rmi.server.hostname=localhost -Dspring.jmx.enabled=true -Dmanagement.endpoints.jmx.exposure.include=* -Dspring.application.admin.enabled=true -XX:TieredStopAtLevel=1 -Dspring.boot.project.name=quiz -javaagent:C:\Users\USER\Documents\sts-4.24.0.RELEASE\configuration\org.eclipse.osgi\270\0\.cp\lib\javaagent-shaded.jar -Dfile.encoding=UTF-8 -Dstdout.encoding=UTF-8 -Dstderr.encoding=UTF-8 
java_command: org.jsp.quiz.QuizAppApplication --spring.output.ansi.enabled=always
java_class_path (initial): C:\Users\USER\Downloads\QuizApp-SpringBootMVC-master\target\classes;C:\Users\USER\.m2\repository\commons-codec\commons-codec\1.15\commons-codec-1.15.jar;C:\Users\USER\.m2\repository\org\eclipse\jetty\glassfish-jstl\11.0.16\glassfish-jstl-11.0.16.jar;C:\Users\USER\.m2\repository\org\glassfish\web\jakarta.servlet.jsp.jstl\3.0.1\jakarta.servlet.jsp.jstl-3.0.1.jar;C:\Users\USER\.m2\repository\jakarta\servlet\jsp\jstl\jakarta.servlet.jsp.jstl-api\3.0.0\jakarta.servlet.jsp.jstl-api-3.0.0.jar;C:\Users\USER\.m2\repository\jakarta\servlet\jakarta.servlet-api\6.0.0\jakarta.servlet-api-6.0.0.jar;C:\Users\USER\.m2\repository\jakarta\el\jakarta.el-api\5.0.0\jakarta.el-api-5.0.0.jar;C:\Users\USER\.m2\repository\org\springframework\boot\spring-boot-starter-data-jpa\3.1.4\spring-boot-starter-data-jpa-3.1.4.jar;C:\Users\USER\.m2\repository\org\springframework\boot\spring-boot-starter-aop\3.1.4\spring-boot-starter-aop-3.1.4.jar;C:\Users\USER\.m2\repository\org\springframework\spring-aop\6.0.12\spring-aop-6.0.12.jar;C:\Users\USER\.m2\repository\org\aspectj\aspectjweaver\1.9.20\aspectjweaver-1.9.20.jar;C:\Users\USER\.m2\repository\org\springframework\boot\spring-boot-starter-jdbc\3.1.4\spring-boot-starter-jdbc-3.1.4.jar;C:\Users\USER\.m2\repository\com\zaxxer\HikariCP\5.0.1\HikariCP-5.0.1.jar;C:\Users\USER\.m2\repository\org\springframework\spring-jdbc\6.0.12\spring-jdbc-6.0.12.jar;C:\Users\USER\.m2\repository\org\hibernate\orm\hibernate-core\6.2.9.Final\hibernate-core-6.2.9.Final.jar;C:\Users\USER\.m2\repository\jakarta\persistence\jakarta.persistence-api\3.1.0\jakarta.persistence-api-3.1.0.jar;C:\Users\USER\.m2\repository\jakarta\transaction\jakarta.transaction-api\2.0.1\jakarta.transaction-api-2.0.1.jar;C:\Users\USER\.m2\repository\org\jboss\logging\jboss-logging\3.5.3.Final\jboss-logging-3.5.3.Final.jar;C:\Users\USER\.m2\repository\org\hibernate\common\hibernate-commons-annotations\6.0.6.Final\hibernate-commons-annotations-6.0.6.Final.jar;C:\Users\USER\.m2\repository\io\smallrye\jandex\3.0.5\jandex-3.0.5.jar;C:\Users\USER\.m2\repository\com\fasterxml\classmate\1.5.1\classmate-1.5.1.jar;C:\Users\USER\.m2\repository\net\bytebuddy\byte-buddy\1.14.8\byte-buddy-1.14.8.jar;C:\Users\USER\.m2\repository\org\glassfish\jaxb\jaxb-runtime\4.0.3\jaxb-runtime-4.0.3.jar;C:\Users\USER\.m2\repository\org\glassfish\jaxb\jaxb-core\4.0.3\jaxb-core-4.0.3.jar;C:\Users\USER\.m2\repository\org\glassfish\jaxb\txw2\4.0.3\txw2-4.0.3.jar;C:\Users\USER\.m2\repository\com\sun\istack\istack-commons-runtime\4.1.2\istack-commons-runtime-4.1.2.jar;C:\Users\USER\.m2\repository\jakarta\inject\jakarta.inject-api\2.0.1\jakarta.inject-api-2.0.1.jar;C:\Users\USER\.m2\repository\org\antlr\antlr4-runtime\4.10.1\antlr4-runtime-4.10.1.jar;C:\Users\USER\.m2\repository\org\springframework\data\spring-data-jpa\3.1.4\spring-data-jpa-3.1.4.jar;C:\Users\USER\.m2\repository\org\springframework\data\spring-data-commons\3.1.4\spring-data-commons-3.1.4.jar;C:\Users\USER\.m2\repository\org\springframework\spring-orm\6.0.12\spring-orm-6.0.12.jar;C:\Users\USER\.m2\repository\org\springframework\spring-context\6.0.12\spring-context-6.0.12.jar;C:\Users\USER\.m2\repository\org\springframework\spring-tx\6.0.12\spring-tx-6.0.12.jar;C:\Users\USER\.m2\repository\org\springframework\spring-beans\6.0.12\spring-beans-6.0.12.jar;C:\Users\USER\.m2\repository\jakarta\annotation\jakarta.annotation-api\2.1.1\jakarta.annotation-api-2.1.1.jar;C:\Users\USER\.m2\repository\org\slf4j\slf4j-api\2.0.9\slf4j-api-2.0.9.jar;C:\Users\USER\.m2\repository\org\springframework\spring-aspects\6.0.12\spring-aspects-6.0.12.jar;C:\Users\USER\.m2\repository\org\springframework\boot\spring-boot-starter-mail\3.1.4\spring-boot-starter-mail-3.1.4.jar;C:\Users\USER\.m2\repository\org\springframework\boot\spring-boot-starter\3.1.4\spring-boot-starter-3.1.4.jar;C:\Users\USER\.m2\repository\org\springframework\boot\spring-boot-starter-logging\3.1.4\spring-boot-starter-logging-3.1.4.jar;C:\Users\USER\.m2\repository\ch\qos\logback\logback-classic\1.4.11\logback-classic-1.4.11.jar;C:\Users\USER\.m2\repository\ch\qos\logback\logback-core\1.4.11\logback-core-1.4.11.jar;C:\Users\USER\.m2\repository\org\apache\logging\log4j\log4j-to-slf4j\2.20.0\log4j-to-slf4j-2.20.0.jar;C:\Users\USER\.m2\repository\org\apache\logging\log4j\log4j-api\2.20.0\log4j-api-2.20.0.jar;C:\Users\USER\.m2\repository\org\slf4j\jul-to-slf4j\2.0.9\jul-to-slf4j-2.0.9.jar;C:\Users\USER\.m2\repository\org\yaml\snakeyaml\1.33\snakeyaml-1.33.jar;C:\Users\USER\.m2\repository\org\springframework\spring-context-support\6.0.12\spring-context-support-6.0.12.jar;C:\Users\USER\.m2\repository\org\eclipse\angus\jakarta.mail\1.1.0\jakarta.mail-1.1.0.jar;C:\Users\USER\.m2\repository\jakarta\activation\jakarta.activation-api\2.1.2\jakarta.activation-api-2.1.2.jar;C:\Users\USER\.m2\repository\org\eclipse\angus\angus-activation\2.0.1\angus-activation-2.0.1.jar;C:\Users\USER\.m2\repository\org\springframework\boot\spring-boot-starter-web\3.1.4\spring-boot-starter-web-3.1.4.jar;C:\Users\USER\.m2\repository\org\springframework\boot\spring-boot-starter-json\3.1.4\spring-boot-starter-json-3.1.4.jar;C:\Users\USER\.m2\repository\com\fasterxml\jackson\core\jackson-databind\2.15.2\jackson-databind-2.15.2.jar;C:\Users\USER\.m2\repository\com\fasterxml\jackson\core\jackson-annotations\2.15.2\jackson-annotations-2.15.2.jar;C:\Users\USER\.m2\repository\com\fasterxml\jackson\core\jackson-core\2.15.2\jackson-core-2.15.2.jar;C:\Users\USER\.m2\repository\com\fasterxml\jackson\datatype\jackson-datatype-jdk8\2.15.2\jackson-datatype-jdk8-2.15.2.jar;C:\Users\USER\.m2\repository\com\fasterxml\jackson\datatype\jackson-datatype-jsr310\2.15.2\jackson-datatype-jsr310-2.15.2.jar;C:\Users\USER\.m2\repository\com\fasterxml\jackson\module\jackson-module-parameter-names\2.15.2\jackson-module-parameter-names-2.15.2.jar;C:\Users\USER\.m2\repository\org\springframework\boot\spring-boot-starter-tomcat\3.1.4\spring-boot-starter-tomcat-3.1.4.jar;C:\Users\USER\.m2\repository\org\apache\tomcat\embed\tomcat-embed-core\10.1.13\tomcat-embed-core-10.1.13.jar;C:\Users\USER\.m2\repository\org\apache\tomcat\embed\tomcat-embed-websocket\10.1.13\tomcat-embed-websocket-10.1.13.jar;C:\Users\USER\.m2\repository\org\springframework\spring-web\6.0.12\spring-web-6.0.12.jar;C:\Users\USER\.m2\repository\io\micrometer\micrometer-observation\1.11.4\micrometer-observation-1.11.4.jar;C:\Users\USER\.m2\repository\io\micrometer\micrometer-commons\1.11.4\micrometer-commons-1.11.4.jar;C:\Users\USER\.m2\repository\org\springframework\spring-webmvc\6.0.12\spring-webmvc-6.0.12.jar;C:\Users\USER\.m2\repository\org\springframework\spring-expression\6.0.12\spring-expression-6.0.12.jar;C:\Users\USER\.m2\repository\org\apache\tomcat\tomcat-jasper\10.1.13\tomcat-jasper-10.1.13.jar;C:\Users\USER\.m2\repository\org\apache\tomcat\tomcat-servlet-api\10.1.13\tomcat-servlet-api-10.1.13.jar;C:\Users\USER\.m2\repository\org\apache\tomcat\tomcat-juli\10.1.13\tomcat-juli-10.1.13.jar;C:\Users\USER\.m2\repository\org\apache\tomcat\tomcat-jsp-api\10.1.13\tomcat-jsp-api-10.1.13.jar;C:\Users\USER\.m2\repository\org\apache\tomcat\tomcat-el-api\10.1.13\tomcat-el-api-10.1.13.jar;C:\Users\USER\.m2\repository\org\eclipse\jdt\ecj\3.33.0\ecj-3.33.0.jar;C:\Users\USER\.m2\repository\org\apache\tomcat\tomcat-jasper-el\10.1.13\tomcat-jasper-el-10.1.13.jar;C:\Users\USER\.m2\repository\org\apache\tomcat\tomcat-api\10.1.13\tomcat-api-10.1.13.jar;C:\Users\USER\.m2\repository\org\apache\tomcat\tomcat-util-scan\10.1.13\tomcat-util-scan-10.1.13.jar;C:\Users\USER\.m2\repository\org\apache\tomcat\tomcat-util\10.1.13\tomcat-util-10.1.13.jar;C:\Users\USER\.m2\repository\org\springframework\boot\spring-boot-devtools\3.1.4\spring-boot-devtools-3.1.4.jar;C:\Users\USER\.m2\repository\org\springframework\boot\spring-boot\3.1.4\spring-boot-3.1.4.jar;C:\Users\USER\.m2\repository\org\springframework\boot\spring-boot-autoconfigure\3.1.4\spring-boot-autoconfigure-3.1.4.jar;C:\Users\USER\.m2\repository\com\mysql\mysql-connector-j\8.0.33\mysql-connector-j-8.0.33.jar;C:\Users\USER\.m2\repository\org\projectlombok\lombok\1.18.30\lombok-1.18.30.jar;C:\Users\USER\.m2\repository\jakarta\xml\bind\jakarta.xml.bind-api\4.0.1\jakarta.xml.bind-api-4.0.1.jar;C:\Users\USER\.m2\repository\org\springframework\spring-core\6.0.12\spring-core-6.0.12.jar;C:\Users\USER\.m2\repository\org\springframework\spring-jcl\6.0.12\spring-jcl-6.0.12.jar;C:\Users\USER\.m2\repository\org\springframework\boot\spring-boot-starter-validation\3.1.4\spring-boot-starter-validation-3.1.4.jar;C:\Users\USER\.m2\repository\org\apache\tomcat\embed\tomcat-embed-el\10.1.13\tomcat-embed-el-10.1.13.jar;C:\Users\USER\.m2\repository\org\hibernate\validator\hibernate-validator\8.0.1.Final\hibernate-validator-8.0.1.Final.jar;C:\Users\USER\.m2\repository\jakarta\validation\jakarta.validation-api\3.0.2\jakarta.validation-api-3.0.2.jar
Launcher Type: SUN_STANDARD

[Global flags]
     intx CICompilerCount                          = 4                                         {product} {ergonomic}
     uint ConcGCThreads                            = 2                                         {product} {ergonomic}
     uint G1ConcRefinementThreads                  = 8                                         {product} {ergonomic}
   size_t G1HeapRegionSize                         = 2097152                                   {product} {ergonomic}
    uintx GCDrainStackTargetSize                   = 64                                        {product} {ergonomic}
   size_t InitialHeapSize                          = 264241152                                 {product} {ergonomic}
     bool ManagementServer                         = true                                      {product} {command line}
   size_t MarkStackSize                            = 4194304                                   {product} {ergonomic}
   size_t MaxHeapSize                              = 4221566976                                {product} {ergonomic}
   size_t MaxNewSize                               = 2531262464                                {product} {ergonomic}
   size_t MinHeapDeltaBytes                        = 2097152                                   {product} {ergonomic}
   size_t MinHeapSize                              = 8388608                                   {product} {ergonomic}
    uintx NonNMethodCodeHeapSize                   = 4096                                   {pd product} {ergonomic}
    uintx NonProfiledCodeHeapSize                  = 0                                      {pd product} {ergonomic}
     bool PerfDisableSharedMem                     = true                                      {product} {ergonomic}
     bool ProfileInterpreter                       = false                                  {pd product} {command line}
    uintx ProfiledCodeHeapSize                     = 0                                      {pd product} {ergonomic}
     bool ShowCodeDetailsInExceptionMessages       = true                                   {manageable} {command line}
   size_t SoftMaxHeapSize                          = 4221566976                             {manageable} {ergonomic}
     intx TieredStopAtLevel                        = 1                                         {product} {command line}
     bool UseCompressedOops                        = true                           {product lp64_product} {ergonomic}
     bool UseG1GC                                  = true                                      {product} {ergonomic}
     bool UseLargePagesIndividualAllocation        = false                                  {pd product} {ergonomic}

Logging:
Log output configuration:
 #0: stdout all=warning uptime,level,tags foldmultilines=false
 #1: stderr all=off uptime,level,tags foldmultilines=false

Environment Variables:
PATH=C:\Users\USER\Documents\sts-4.24.0.RELEASE\plugins\org.eclipse.justj.openjdk.hotspot.jre.full.win32.x86_64_21.0.3.v20240426-1530\jre\bin;C:/Users/USER/Documents/sts-4.24.0.RELEASE//plugins/org.eclipse.justj.openjdk.hotspot.jre.full.win32.x86_64_21.0.3.v20240426-1530/jre/bin/server;C:/Users/USER/Documents/sts-4.24.0.RELEASE//plugins/org.eclipse.justj.openjdk.hotspot.jre.full.win32.x86_64_21.0.3.v20240426-1530/jre/bin;C:\Program Files (x86)\Common Files\Oracle\Java\java8path;C:\Program Files (x86)\Common Files\Oracle\Java\javapath;C:\Windows\system32;C:\Windows;C:\Windows\System32\Wbem;C:\Windows\System32\WindowsPowerShell\v1.0\;C:\Windows\System32\OpenSSH\;C:\Program Files\Git\cmd;C:\Users\USER\AppData\Local\Microsoft\WindowsApps;C:\Users\USER\AppData\Local\Programs\Microsoft VS Code\bin;C:\Users\USER\Documents\sts-4.24.0.RELEASE;
USERNAME=USER
OS=Windows_NT
PROCESSOR_IDENTIFIER=Intel64 Family 6 Model 142 Stepping 12, GenuineIntel
TMP=C:\Users\USER\AppData\Local\Temp
TEMP=C:\Users\USER\AppData\Local\Temp




Periodic native trim disabled

---------------  S Y S T E M  ---------------

OS:
 Windows 11 , 64 bit Build 22621 (10.0.22621.3958)
OS uptime: 0 days 1:45 hours
Hyper-V role detected

CPU: total 8 (initial active 8) (4 cores per cpu, 2 threads per core) family 6 model 142 stepping 12 microcode 0xde, cx8, cmov, fxsr, ht, mmx, 3dnowpref, sse, sse2, sse3, ssse3, sse4.1, sse4.2, popcnt, lzcnt, tsc, tscinvbit, avx, avx2, aes, erms, clmul, bmi1, bmi2, adx, fma, vzeroupper, clflush, clflushopt, hv, rdtscp, f16c
Processor Information for all 8 processors :
  Max Mhz: 2304, Current Mhz: 1803, Mhz Limit: 1797

Memory: 4k page, system-wide physical 16102M (6891M free)
TotalPageFile size 19046M (AvailPageFile size 7989M)
current process WorkingSet (physical memory assigned to process): 280M, peak: 288M
current process commit charge ("private bytes"): 309M, peak: 361M

vm_info: OpenJDK 64-Bit Server VM (21.0.3+9-LTS) for windows-amd64 JRE (21.0.3+9-LTS), built on 2024-04-16T00:00:00Z by "admin" with MS VC++ 17.7 (VS2022)

END.
